{"C:\\Users\\ASUS\\Desktop\\flutter_projects\\afia-plus-clean\\backend\\controllers\\auth.controller.js": {"path":"C:\\Users\\ASUS\\Desktop\\flutter_projects\\afia-plus-clean\\backend\\controllers\\auth.controller.js","statementMap":{"0":{"start":{"line":6,"column":2},"end":{"line":8,"column":3}},"1":{"start":{"line":7,"column":4},"end":{"line":7,"column":35}},"2":{"start":{"line":9,"column":21},"end":{"line":9,"column":71}},"3":{"start":{"line":10,"column":2},"end":{"line":12,"column":3}},"4":{"start":{"line":11,"column":4},"end":{"line":11,"column":33}},"5":{"start":{"line":13,"column":2},"end":{"line":13,"column":14}},"6":{"start":{"line":17,"column":2},"end":{"line":19,"column":3}},"7":{"start":{"line":18,"column":4},"end":{"line":18,"column":38}},"8":{"start":{"line":20,"column":26},"end":{"line":20,"column":41}},"9":{"start":{"line":21,"column":23},"end":{"line":21,"column":52}},"10":{"start":{"line":22,"column":23},"end":{"line":22,"column":52}},"11":{"start":{"line":23,"column":20},"end":{"line":23,"column":49}},"12":{"start":{"line":24,"column":25},"end":{"line":24,"column":71}},"13":{"start":{"line":25,"column":23},"end":{"line":25,"column":50}},"14":{"start":{"line":27,"column":2},"end":{"line":29,"column":3}},"15":{"start":{"line":28,"column":4},"end":{"line":28,"column":27}},"16":{"start":{"line":30,"column":2},"end":{"line":30,"column":14}},"17":{"start":{"line":34,"column":2},"end":{"line":36,"column":3}},"18":{"start":{"line":35,"column":4},"end":{"line":35,"column":42}},"19":{"start":{"line":37,"column":20},"end":{"line":37,"column":38}},"20":{"start":{"line":38,"column":2},"end":{"line":40,"column":3}},"21":{"start":{"line":39,"column":4},"end":{"line":39,"column":40}},"22":{"start":{"line":41,"column":2},"end":{"line":41,"column":14}},"23":{"start":{"line":45,"column":2},"end":{"line":47,"column":3}},"24":{"start":{"line":46,"column":4},"end":{"line":46,"column":42}},"25":{"start":{"line":48,"column":21},"end":{"line":48,"column":39}},"26":{"start":{"line":49,"column":2},"end":{"line":51,"column":3}},"27":{"start":{"line":50,"column":4},"end":{"line":50,"column":40}},"28":{"start":{"line":52,"column":2},"end":{"line":52,"column":14}},"29":{"start":{"line":56,"column":2},"end":{"line":58,"column":3}},"30":{"start":{"line":57,"column":4},"end":{"line":57,"column":33}},"31":{"start":{"line":59,"column":19},"end":{"line":59,"column":32}},"32":{"start":{"line":60,"column":2},"end":{"line":62,"column":3}},"33":{"start":{"line":61,"column":4},"end":{"line":61,"column":31}},"34":{"start":{"line":63,"column":2},"end":{"line":63,"column":14}},"35":{"start":{"line":68,"column":2},"end":{"line":68,"column":44}},"36":{"start":{"line":73,"column":2},"end":{"line":73,"column":44}},"37":{"start":{"line":73,"column":31},"end":{"line":73,"column":44}},"38":{"start":{"line":74,"column":2},"end":{"line":74,"column":28}},"39":{"start":{"line":74,"column":15},"end":{"line":74,"column":28}},"40":{"start":{"line":75,"column":22},"end":{"line":75,"column":49}},"41":{"start":{"line":76,"column":2},"end":{"line":76,"column":38}},"42":{"start":{"line":76,"column":25},"end":{"line":76,"column":38}},"43":{"start":{"line":77,"column":2},"end":{"line":77,"column":14}},"44":{"start":{"line":81,"column":2},"end":{"line":83,"column":3}},"45":{"start":{"line":82,"column":4},"end":{"line":82,"column":43}},"46":{"start":{"line":85,"column":2},"end":{"line":155,"column":3}},"47":{"start":{"line":88,"column":4},"end":{"line":136,"column":5}},"48":{"start":{"line":90,"column":20},"end":{"line":90,"column":34}},"49":{"start":{"line":91,"column":6},"end":{"line":93,"column":7}},"50":{"start":{"line":92,"column":8},"end":{"line":92,"column":37}},"51":{"start":{"line":95,"column":6},"end":{"line":95,"column":35}},"52":{"start":{"line":96,"column":6},"end":{"line":96,"column":37}},"53":{"start":{"line":97,"column":6},"end":{"line":97,"column":36}},"54":{"start":{"line":100,"column":6},"end":{"line":102,"column":7}},"55":{"start":{"line":101,"column":8},"end":{"line":101,"column":37}},"56":{"start":{"line":105,"column":6},"end":{"line":107,"column":7}},"57":{"start":{"line":106,"column":8},"end":{"line":106,"column":37}},"58":{"start":{"line":110,"column":6},"end":{"line":112,"column":7}},"59":{"start":{"line":111,"column":8},"end":{"line":111,"column":37}},"60":{"start":{"line":113,"column":11},"end":{"line":136,"column":5}},"61":{"start":{"line":115,"column":20},"end":{"line":115,"column":34}},"62":{"start":{"line":116,"column":6},"end":{"line":118,"column":7}},"63":{"start":{"line":117,"column":8},"end":{"line":117,"column":37}},"64":{"start":{"line":119,"column":6},"end":{"line":119,"column":36}},"65":{"start":{"line":120,"column":6},"end":{"line":120,"column":37}},"66":{"start":{"line":121,"column":6},"end":{"line":121,"column":35}},"67":{"start":{"line":123,"column":6},"end":{"line":125,"column":7}},"68":{"start":{"line":124,"column":8},"end":{"line":124,"column":37}},"69":{"start":{"line":127,"column":6},"end":{"line":129,"column":7}},"70":{"start":{"line":128,"column":8},"end":{"line":128,"column":37}},"71":{"start":{"line":131,"column":6},"end":{"line":133,"column":7}},"72":{"start":{"line":132,"column":8},"end":{"line":132,"column":37}},"73":{"start":{"line":135,"column":6},"end":{"line":135,"column":35}},"74":{"start":{"line":139,"column":18},"end":{"line":139,"column":28}},"75":{"start":{"line":140,"column":22},"end":{"line":140,"column":52}},"76":{"start":{"line":141,"column":14},"end":{"line":141,"column":40}},"77":{"start":{"line":142,"column":22},"end":{"line":142,"column":52}},"78":{"start":{"line":143,"column":20},"end":{"line":143,"column":41}},"79":{"start":{"line":146,"column":4},"end":{"line":148,"column":5}},"80":{"start":{"line":147,"column":6},"end":{"line":147,"column":12}},"81":{"start":{"line":150,"column":4},"end":{"line":152,"column":5}},"82":{"start":{"line":151,"column":6},"end":{"line":151,"column":49}},"83":{"start":{"line":154,"column":4},"end":{"line":154,"column":33}},"84":{"start":{"line":156,"column":2},"end":{"line":156,"column":14}},"85":{"start":{"line":160,"column":2},"end":{"line":162,"column":3}},"86":{"start":{"line":161,"column":4},"end":{"line":161,"column":16}},"87":{"start":{"line":164,"column":2},"end":{"line":230,"column":3}},"88":{"start":{"line":167,"column":4},"end":{"line":227,"column":5}},"89":{"start":{"line":169,"column":20},"end":{"line":169,"column":34}},"90":{"start":{"line":170,"column":6},"end":{"line":172,"column":7}},"91":{"start":{"line":171,"column":8},"end":{"line":171,"column":20}},"92":{"start":{"line":174,"column":6},"end":{"line":174,"column":35}},"93":{"start":{"line":175,"column":6},"end":{"line":175,"column":37}},"94":{"start":{"line":176,"column":6},"end":{"line":176,"column":36}},"95":{"start":{"line":179,"column":6},"end":{"line":181,"column":7}},"96":{"start":{"line":180,"column":8},"end":{"line":180,"column":20}},"97":{"start":{"line":184,"column":6},"end":{"line":186,"column":7}},"98":{"start":{"line":185,"column":8},"end":{"line":185,"column":20}},"99":{"start":{"line":189,"column":6},"end":{"line":191,"column":7}},"100":{"start":{"line":190,"column":8},"end":{"line":190,"column":20}},"101":{"start":{"line":195,"column":22},"end":{"line":195,"column":51}},"102":{"start":{"line":196,"column":23},"end":{"line":196,"column":53}},"103":{"start":{"line":197,"column":21},"end":{"line":197,"column":49}},"104":{"start":{"line":198,"column":6},"end":{"line":198,"column":48}},"105":{"start":{"line":199,"column":11},"end":{"line":227,"column":5}},"106":{"start":{"line":201,"column":20},"end":{"line":201,"column":34}},"107":{"start":{"line":202,"column":6},"end":{"line":223,"column":7}},"108":{"start":{"line":203,"column":8},"end":{"line":203,"column":38}},"109":{"start":{"line":204,"column":8},"end":{"line":204,"column":39}},"110":{"start":{"line":205,"column":8},"end":{"line":205,"column":37}},"111":{"start":{"line":208,"column":8},"end":{"line":210,"column":9}},"112":{"start":{"line":209,"column":10},"end":{"line":209,"column":22}},"113":{"start":{"line":213,"column":8},"end":{"line":215,"column":9}},"114":{"start":{"line":214,"column":10},"end":{"line":214,"column":22}},"115":{"start":{"line":217,"column":8},"end":{"line":219,"column":9}},"116":{"start":{"line":218,"column":10},"end":{"line":218,"column":22}},"117":{"start":{"line":222,"column":8},"end":{"line":222,"column":116}},"118":{"start":{"line":224,"column":6},"end":{"line":224,"column":18}},"119":{"start":{"line":226,"column":6},"end":{"line":226,"column":18}},"120":{"start":{"line":229,"column":4},"end":{"line":229,"column":16}},"121":{"start":{"line":234,"column":2},"end":{"line":236,"column":3}},"122":{"start":{"line":235,"column":4},"end":{"line":235,"column":33}},"123":{"start":{"line":237,"column":2},"end":{"line":239,"column":3}},"124":{"start":{"line":238,"column":4},"end":{"line":238,"column":48}},"125":{"start":{"line":241,"column":2},"end":{"line":243,"column":3}},"126":{"start":{"line":242,"column":4},"end":{"line":242,"column":46}},"127":{"start":{"line":244,"column":2},"end":{"line":246,"column":3}},"128":{"start":{"line":245,"column":4},"end":{"line":245,"column":60}},"129":{"start":{"line":248,"column":2},"end":{"line":250,"column":3}},"130":{"start":{"line":249,"column":4},"end":{"line":249,"column":36}},"131":{"start":{"line":251,"column":2},"end":{"line":253,"column":3}},"132":{"start":{"line":252,"column":4},"end":{"line":252,"column":50}},"133":{"start":{"line":255,"column":2},"end":{"line":257,"column":3}},"134":{"start":{"line":256,"column":4},"end":{"line":256,"column":40}},"135":{"start":{"line":258,"column":2},"end":{"line":260,"column":3}},"136":{"start":{"line":259,"column":4},"end":{"line":259,"column":54}},"137":{"start":{"line":262,"column":2},"end":{"line":264,"column":3}},"138":{"start":{"line":263,"column":4},"end":{"line":263,"column":37}},"139":{"start":{"line":266,"column":2},"end":{"line":268,"column":3}},"140":{"start":{"line":267,"column":4},"end":{"line":267,"column":35}},"141":{"start":{"line":270,"column":2},"end":{"line":272,"column":3}},"142":{"start":{"line":271,"column":4},"end":{"line":271,"column":33}},"143":{"start":{"line":274,"column":2},"end":{"line":276,"column":3}},"144":{"start":{"line":275,"column":4},"end":{"line":275,"column":37}},"145":{"start":{"line":277,"column":23},"end":{"line":277,"column":34}},"146":{"start":{"line":278,"column":2},"end":{"line":280,"column":3}},"147":{"start":{"line":279,"column":4},"end":{"line":279,"column":36}},"148":{"start":{"line":282,"column":2},"end":{"line":284,"column":3}},"149":{"start":{"line":283,"column":4},"end":{"line":283,"column":43}},"150":{"start":{"line":286,"column":2},"end":{"line":291,"column":3}},"151":{"start":{"line":287,"column":18},"end":{"line":287,"column":55}},"152":{"start":{"line":288,"column":4},"end":{"line":290,"column":5}},"153":{"start":{"line":289,"column":6},"end":{"line":289,"column":43}},"154":{"start":{"line":293,"column":2},"end":{"line":295,"column":3}},"155":{"start":{"line":294,"column":4},"end":{"line":294,"column":48}},"156":{"start":{"line":296,"column":2},"end":{"line":298,"column":3}},"157":{"start":{"line":297,"column":4},"end":{"line":297,"column":42}},"158":{"start":{"line":300,"column":2},"end":{"line":300,"column":14}},"159":{"start":{"line":327,"column":6},"end":{"line":327,"column":14}},"160":{"start":{"line":330,"column":23},"end":{"line":330,"column":42}},"161":{"start":{"line":331,"column":26},"end":{"line":331,"column":48}},"162":{"start":{"line":332,"column":27},"end":{"line":332,"column":50}},"163":{"start":{"line":333,"column":26},"end":{"line":333,"column":48}},"164":{"start":{"line":334,"column":23},"end":{"line":334,"column":49}},"165":{"start":{"line":335,"column":21},"end":{"line":335,"column":38}},"166":{"start":{"line":338,"column":21},"end":{"line":338,"column":48}},"167":{"start":{"line":339,"column":2},"end":{"line":341,"column":3}},"168":{"start":{"line":340,"column":4},"end":{"line":340,"column":57}},"169":{"start":{"line":344,"column":24},"end":{"line":344,"column":57}},"170":{"start":{"line":345,"column":2},"end":{"line":347,"column":3}},"171":{"start":{"line":346,"column":4},"end":{"line":346,"column":60}},"172":{"start":{"line":350,"column":25},"end":{"line":350,"column":69}},"173":{"start":{"line":351,"column":2},"end":{"line":353,"column":3}},"174":{"start":{"line":352,"column":4},"end":{"line":352,"column":61}},"175":{"start":{"line":356,"column":24},"end":{"line":356,"column":66}},"176":{"start":{"line":357,"column":2},"end":{"line":359,"column":3}},"177":{"start":{"line":358,"column":4},"end":{"line":358,"column":60}},"178":{"start":{"line":362,"column":21},"end":{"line":362,"column":48}},"179":{"start":{"line":363,"column":2},"end":{"line":365,"column":3}},"180":{"start":{"line":364,"column":4},"end":{"line":364,"column":57}},"181":{"start":{"line":368,"column":19},"end":{"line":368,"column":42}},"182":{"start":{"line":369,"column":2},"end":{"line":371,"column":3}},"183":{"start":{"line":370,"column":4},"end":{"line":370,"column":55}},"184":{"start":{"line":374,"column":19},"end":{"line":374,"column":45}},"185":{"start":{"line":376,"column":2},"end":{"line":380,"column":3}},"186":{"start":{"line":377,"column":4},"end":{"line":379,"column":7}},"187":{"start":{"line":383,"column":2},"end":{"line":391,"column":3}},"188":{"start":{"line":384,"column":4},"end":{"line":386,"column":5}},"189":{"start":{"line":385,"column":6},"end":{"line":385,"column":89}},"190":{"start":{"line":387,"column":21},"end":{"line":387,"column":47}},"191":{"start":{"line":388,"column":4},"end":{"line":390,"column":5}},"192":{"start":{"line":389,"column":6},"end":{"line":389,"column":57}},"193":{"start":{"line":394,"column":2},"end":{"line":398,"column":3}},"194":{"start":{"line":395,"column":4},"end":{"line":397,"column":7}},"195":{"start":{"line":401,"column":2},"end":{"line":420,"column":3}},"196":{"start":{"line":402,"column":23},"end":{"line":414,"column":5}},"197":{"start":{"line":416,"column":24},"end":{"line":416,"column":56}},"198":{"start":{"line":417,"column":4},"end":{"line":419,"column":5}},"199":{"start":{"line":418,"column":6},"end":{"line":418,"column":60}},"200":{"start":{"line":423,"column":33},"end":{"line":427,"column":18}},"201":{"start":{"line":429,"column":2},"end":{"line":431,"column":3}},"202":{"start":{"line":430,"column":4},"end":{"line":430,"column":69}},"203":{"start":{"line":434,"column":4},"end":{"line":438,"column":6}},"204":{"start":{"line":440,"column":2},"end":{"line":453,"column":3}},"205":{"start":{"line":441,"column":14},"end":{"line":441,"column":48}},"206":{"start":{"line":442,"column":4},"end":{"line":451,"column":5}},"207":{"start":{"line":450,"column":6},"end":{"line":450,"column":71}},"208":{"start":{"line":452,"column":4},"end":{"line":452,"column":60}},"209":{"start":{"line":455,"column":43},"end":{"line":467,"column":13}},"210":{"start":{"line":469,"column":2},"end":{"line":471,"column":3}},"211":{"start":{"line":470,"column":4},"end":{"line":470,"column":64}},"212":{"start":{"line":474,"column":2},"end":{"line":602,"column":3}},"213":{"start":{"line":475,"column":4},"end":{"line":480,"column":5}},"214":{"start":{"line":477,"column":6},"end":{"line":477,"column":77}},"215":{"start":{"line":478,"column":6},"end":{"line":478,"column":66}},"216":{"start":{"line":479,"column":6},"end":{"line":479,"column":89}},"217":{"start":{"line":483,"column":4},"end":{"line":483,"column":80}},"218":{"start":{"line":484,"column":4},"end":{"line":484,"column":63}},"219":{"start":{"line":487,"column":4},"end":{"line":490,"column":5}},"220":{"start":{"line":488,"column":20},"end":{"line":488,"column":44}},"221":{"start":{"line":489,"column":6},"end":{"line":489,"column":115}},"222":{"start":{"line":492,"column":27},"end":{"line":492,"column":57}},"223":{"start":{"line":493,"column":4},"end":{"line":493,"column":68}},"224":{"start":{"line":495,"column":4},"end":{"line":500,"column":5}},"225":{"start":{"line":497,"column":6},"end":{"line":497,"column":77}},"226":{"start":{"line":498,"column":6},"end":{"line":498,"column":66}},"227":{"start":{"line":499,"column":6},"end":{"line":499,"column":70}},"228":{"start":{"line":503,"column":25},"end":{"line":503,"column":46}},"229":{"start":{"line":504,"column":4},"end":{"line":509,"column":5}},"230":{"start":{"line":505,"column":6},"end":{"line":505,"column":75}},"231":{"start":{"line":506,"column":6},"end":{"line":506,"column":77}},"232":{"start":{"line":507,"column":6},"end":{"line":507,"column":66}},"233":{"start":{"line":508,"column":6},"end":{"line":508,"column":70}},"234":{"start":{"line":511,"column":4},"end":{"line":511,"column":86}},"235":{"start":{"line":512,"column":4},"end":{"line":512,"column":64}},"236":{"start":{"line":516,"column":36},"end":{"line":519,"column":6}},"237":{"start":{"line":521,"column":4},"end":{"line":540,"column":5}},"238":{"start":{"line":522,"column":6},"end":{"line":522,"column":71}},"239":{"start":{"line":523,"column":6},"end":{"line":523,"column":65}},"240":{"start":{"line":524,"column":6},"end":{"line":524,"column":71}},"241":{"start":{"line":525,"column":6},"end":{"line":525,"column":86}},"242":{"start":{"line":526,"column":6},"end":{"line":526,"column":70}},"243":{"start":{"line":527,"column":6},"end":{"line":527,"column":70}},"244":{"start":{"line":530,"column":6},"end":{"line":530,"column":77}},"245":{"start":{"line":531,"column":6},"end":{"line":531,"column":66}},"246":{"start":{"line":534,"column":6},"end":{"line":538,"column":7}},"247":{"start":{"line":535,"column":8},"end":{"line":537,"column":11}},"248":{"start":{"line":539,"column":6},"end":{"line":539,"column":69}},"249":{"start":{"line":543,"column":7},"end":{"line":602,"column":3}},"250":{"start":{"line":546,"column":38},"end":{"line":550,"column":20}},"251":{"start":{"line":552,"column":4},"end":{"line":558,"column":5}},"252":{"start":{"line":554,"column":6},"end":{"line":557,"column":40}},"253":{"start":{"line":560,"column":35},"end":{"line":577,"column":6}},"254":{"start":{"line":579,"column":4},"end":{"line":583,"column":5}},"255":{"start":{"line":581,"column":6},"end":{"line":581,"column":77}},"256":{"start":{"line":582,"column":6},"end":{"line":582,"column":68}},"257":{"start":{"line":586,"column":35},"end":{"line":590,"column":20}},"258":{"start":{"line":592,"column":4},"end":{"line":598,"column":5}},"259":{"start":{"line":594,"column":6},"end":{"line":597,"column":40}},"260":{"start":{"line":601,"column":4},"end":{"line":601,"column":71}},"261":{"start":{"line":605,"column":4},"end":{"line":608,"column":6}},"262":{"start":{"line":611,"column":17},"end":{"line":611,"column":28}},"263":{"start":{"line":613,"column":2},"end":{"line":656,"column":3}},"264":{"start":{"line":614,"column":51},"end":{"line":618,"column":20}},"265":{"start":{"line":620,"column":4},"end":{"line":622,"column":5}},"266":{"start":{"line":621,"column":6},"end":{"line":621,"column":66}},"267":{"start":{"line":625,"column":4},"end":{"line":625,"column":60}},"268":{"start":{"line":626,"column":9},"end":{"line":656,"column":3}},"269":{"start":{"line":627,"column":49},"end":{"line":631,"column":20}},"270":{"start":{"line":633,"column":4},"end":{"line":635,"column":5}},"271":{"start":{"line":634,"column":6},"end":{"line":634,"column":64}},"272":{"start":{"line":638,"column":4},"end":{"line":655,"column":6}},"273":{"start":{"line":658,"column":2},"end":{"line":662,"column":5}},"274":{"start":{"line":666,"column":30},"end":{"line":666,"column":38}},"275":{"start":{"line":669,"column":23},"end":{"line":669,"column":42}},"276":{"start":{"line":670,"column":26},"end":{"line":670,"column":48}},"277":{"start":{"line":673,"column":21},"end":{"line":673,"column":48}},"278":{"start":{"line":674,"column":2},"end":{"line":676,"column":3}},"279":{"start":{"line":675,"column":4},"end":{"line":675,"column":57}},"280":{"start":{"line":679,"column":2},"end":{"line":681,"column":3}},"281":{"start":{"line":680,"column":4},"end":{"line":680,"column":73}},"282":{"start":{"line":684,"column":4},"end":{"line":687,"column":6}},"283":{"start":{"line":689,"column":2},"end":{"line":693,"column":3}},"284":{"start":{"line":690,"column":4},"end":{"line":692,"column":7}},"285":{"start":{"line":695,"column":50},"end":{"line":699,"column":13}},"286":{"start":{"line":701,"column":2},"end":{"line":705,"column":3}},"287":{"start":{"line":702,"column":4},"end":{"line":704,"column":7}},"288":{"start":{"line":708,"column":17},"end":{"line":708,"column":35}},"289":{"start":{"line":710,"column":2},"end":{"line":762,"column":3}},"290":{"start":{"line":711,"column":4},"end":{"line":711,"column":85}},"291":{"start":{"line":712,"column":51},"end":{"line":716,"column":20}},"292":{"start":{"line":718,"column":4},"end":{"line":720,"column":5}},"293":{"start":{"line":719,"column":6},"end":{"line":719,"column":74}},"294":{"start":{"line":722,"column":4},"end":{"line":722,"column":57}},"295":{"start":{"line":723,"column":4},"end":{"line":723,"column":74}},"296":{"start":{"line":726,"column":4},"end":{"line":726,"column":60}},"297":{"start":{"line":727,"column":4},"end":{"line":727,"column":81}},"298":{"start":{"line":728,"column":9},"end":{"line":762,"column":3}},"299":{"start":{"line":729,"column":4},"end":{"line":729,"column":84}},"300":{"start":{"line":730,"column":49},"end":{"line":734,"column":20}},"301":{"start":{"line":736,"column":4},"end":{"line":738,"column":5}},"302":{"start":{"line":737,"column":6},"end":{"line":737,"column":72}},"303":{"start":{"line":740,"column":4},"end":{"line":740,"column":55}},"304":{"start":{"line":741,"column":4},"end":{"line":741,"column":72}},"305":{"start":{"line":744,"column":4},"end":{"line":761,"column":6}},"306":{"start":{"line":764,"column":2},"end":{"line":764,"column":78}},"307":{"start":{"line":765,"column":2},"end":{"line":765,"column":88}},"308":{"start":{"line":766,"column":2},"end":{"line":766,"column":88}},"309":{"start":{"line":768,"column":2},"end":{"line":772,"column":5}},"310":{"start":{"line":776,"column":26},"end":{"line":780,"column":13}},"311":{"start":{"line":782,"column":2},"end":{"line":786,"column":3}},"312":{"start":{"line":783,"column":4},"end":{"line":785,"column":7}},"313":{"start":{"line":789,"column":17},"end":{"line":789,"column":28}},"314":{"start":{"line":791,"column":2},"end":{"line":843,"column":3}},"315":{"start":{"line":792,"column":4},"end":{"line":792,"column":75}},"316":{"start":{"line":793,"column":51},"end":{"line":797,"column":20}},"317":{"start":{"line":799,"column":4},"end":{"line":801,"column":5}},"318":{"start":{"line":800,"column":6},"end":{"line":800,"column":71}},"319":{"start":{"line":803,"column":4},"end":{"line":803,"column":54}},"320":{"start":{"line":804,"column":4},"end":{"line":804,"column":71}},"321":{"start":{"line":807,"column":4},"end":{"line":807,"column":60}},"322":{"start":{"line":808,"column":4},"end":{"line":808,"column":78}},"323":{"start":{"line":809,"column":9},"end":{"line":843,"column":3}},"324":{"start":{"line":810,"column":4},"end":{"line":810,"column":74}},"325":{"start":{"line":811,"column":49},"end":{"line":815,"column":20}},"326":{"start":{"line":817,"column":4},"end":{"line":819,"column":5}},"327":{"start":{"line":818,"column":6},"end":{"line":818,"column":69}},"328":{"start":{"line":821,"column":4},"end":{"line":821,"column":52}},"329":{"start":{"line":822,"column":4},"end":{"line":822,"column":69}},"330":{"start":{"line":825,"column":4},"end":{"line":842,"column":6}},"331":{"start":{"line":845,"column":2},"end":{"line":845,"column":75}},"332":{"start":{"line":846,"column":2},"end":{"line":846,"column":85}},"333":{"start":{"line":847,"column":2},"end":{"line":847,"column":85}},"334":{"start":{"line":849,"column":2},"end":{"line":849,"column":21}},"335":{"start":{"line":853,"column":2},"end":{"line":853,"column":38}},"336":{"start":{"line":857,"column":2},"end":{"line":958,"column":3}},"337":{"start":{"line":858,"column":4},"end":{"line":858,"column":87}},"338":{"start":{"line":859,"column":4},"end":{"line":859,"column":87}},"339":{"start":{"line":861,"column":4},"end":{"line":864,"column":5}},"340":{"start":{"line":862,"column":6},"end":{"line":862,"column":42}},"341":{"start":{"line":863,"column":6},"end":{"line":863,"column":67}},"342":{"start":{"line":866,"column":4},"end":{"line":869,"column":5}},"343":{"start":{"line":867,"column":6},"end":{"line":867,"column":42}},"344":{"start":{"line":868,"column":6},"end":{"line":868,"column":68}},"345":{"start":{"line":872,"column":19},"end":{"line":872,"column":30}},"346":{"start":{"line":875,"column":45},"end":{"line":879,"column":15}},"347":{"start":{"line":881,"column":4},"end":{"line":883,"column":5}},"348":{"start":{"line":882,"column":6},"end":{"line":882,"column":65}},"349":{"start":{"line":886,"column":26},"end":{"line":886,"column":78}},"350":{"start":{"line":887,"column":21},"end":{"line":887,"column":69}},"351":{"start":{"line":888,"column":21},"end":{"line":888,"column":51}},"352":{"start":{"line":891,"column":23},"end":{"line":891,"column":38}},"353":{"start":{"line":894,"column":27},"end":{"line":901,"column":5}},"354":{"start":{"line":902,"column":24},"end":{"line":902,"column":90}},"355":{"start":{"line":904,"column":4},"end":{"line":904,"column":132}},"356":{"start":{"line":907,"column":53},"end":{"line":912,"column":8}},"357":{"start":{"line":914,"column":4},"end":{"line":919,"column":5}},"358":{"start":{"line":915,"column":6},"end":{"line":915,"column":50}},"359":{"start":{"line":916,"column":6},"end":{"line":918,"column":9}},"360":{"start":{"line":922,"column":30},"end":{"line":924,"column":29}},"361":{"start":{"line":926,"column":30},"end":{"line":926,"column":47}},"362":{"start":{"line":929,"column":35},"end":{"line":932,"column":34}},"363":{"start":{"line":934,"column":4},"end":{"line":944,"column":5}},"364":{"start":{"line":935,"column":6},"end":{"line":935,"column":50}},"365":{"start":{"line":937,"column":6},"end":{"line":939,"column":28}},"366":{"start":{"line":941,"column":6},"end":{"line":943,"column":9}},"367":{"start":{"line":946,"column":4},"end":{"line":949,"column":7}},"368":{"start":{"line":951,"column":4},"end":{"line":951,"column":58}},"369":{"start":{"line":953,"column":4},"end":{"line":957,"column":5}},"370":{"start":{"line":954,"column":6},"end":{"line":956,"column":9}}},"fnMap":{"0":{"name":"validateEmail","decl":{"start":{"line":5,"column":9},"end":{"line":5,"column":22}},"loc":{"start":{"line":5,"column":30},"end":{"line":14,"column":1}},"line":5},"1":{"name":"validatePassword","decl":{"start":{"line":16,"column":9},"end":{"line":16,"column":25}},"loc":{"start":{"line":16,"column":36},"end":{"line":31,"column":1}},"line":16},"2":{"name":"validateName","decl":{"start":{"line":33,"column":9},"end":{"line":33,"column":21}},"loc":{"start":{"line":33,"column":39},"end":{"line":42,"column":1}},"line":33},"3":{"name":"validatePhone","decl":{"start":{"line":44,"column":9},"end":{"line":44,"column":22}},"loc":{"start":{"line":44,"column":30},"end":{"line":53,"column":1}},"line":44},"4":{"name":"validateNin","decl":{"start":{"line":55,"column":9},"end":{"line":55,"column":20}},"loc":{"start":{"line":55,"column":26},"end":{"line":64,"column":1}},"line":55},"5":{"name":"getDaysInMonth","decl":{"start":{"line":67,"column":9},"end":{"line":67,"column":23}},"loc":{"start":{"line":67,"column":37},"end":{"line":69,"column":1}},"line":67},"6":{"name":"isValidDate","decl":{"start":{"line":72,"column":9},"end":{"line":72,"column":20}},"loc":{"start":{"line":72,"column":39},"end":{"line":78,"column":1}},"line":72},"7":{"name":"validateDob","decl":{"start":{"line":80,"column":9},"end":{"line":80,"column":20}},"loc":{"start":{"line":80,"column":26},"end":{"line":157,"column":1}},"line":80},"8":{"name":"convertDobToISO","decl":{"start":{"line":159,"column":9},"end":{"line":159,"column":24}},"loc":{"start":{"line":159,"column":30},"end":{"line":231,"column":1}},"line":159},"9":{"name":"validateDoctorFields","decl":{"start":{"line":233,"column":9},"end":{"line":233,"column":29}},"loc":{"start":{"line":233,"column":42},"end":{"line":301,"column":1}},"line":233},"10":{"name":"signup","decl":{"start":{"line":303,"column":22},"end":{"line":303,"column":28}},"loc":{"start":{"line":303,"column":39},"end":{"line":663,"column":1}},"line":303},"11":{"name":"login","decl":{"start":{"line":665,"column":22},"end":{"line":665,"column":27}},"loc":{"start":{"line":665,"column":38},"end":{"line":773,"column":1}},"line":665},"12":{"name":"me","decl":{"start":{"line":775,"column":22},"end":{"line":775,"column":24}},"loc":{"start":{"line":775,"column":35},"end":{"line":850,"column":1}},"line":775},"13":{"name":"logout","decl":{"start":{"line":852,"column":22},"end":{"line":852,"column":28}},"loc":{"start":{"line":852,"column":39},"end":{"line":854,"column":1}},"line":852},"14":{"name":"uploadProfilePicture","decl":{"start":{"line":856,"column":22},"end":{"line":856,"column":42}},"loc":{"start":{"line":856,"column":53},"end":{"line":959,"column":1}},"line":856}},"branchMap":{"0":{"loc":{"start":{"line":6,"column":2},"end":{"line":8,"column":3}},"type":"if","locations":[{"start":{"line":6,"column":2},"end":{"line":8,"column":3}},{"start":{},"end":{}}],"line":6},"1":{"loc":{"start":{"line":6,"column":6},"end":{"line":6,"column":35}},"type":"binary-expr","locations":[{"start":{"line":6,"column":6},"end":{"line":6,"column":12}},{"start":{"line":6,"column":16},"end":{"line":6,"column":35}}],"line":6},"2":{"loc":{"start":{"line":10,"column":2},"end":{"line":12,"column":3}},"type":"if","locations":[{"start":{"line":10,"column":2},"end":{"line":12,"column":3}},{"start":{},"end":{}}],"line":10},"3":{"loc":{"start":{"line":17,"column":2},"end":{"line":19,"column":3}},"type":"if","locations":[{"start":{"line":17,"column":2},"end":{"line":19,"column":3}},{"start":{},"end":{}}],"line":17},"4":{"loc":{"start":{"line":17,"column":6},"end":{"line":17,"column":41}},"type":"binary-expr","locations":[{"start":{"line":17,"column":6},"end":{"line":17,"column":15}},{"start":{"line":17,"column":19},"end":{"line":17,"column":41}}],"line":17},"5":{"loc":{"start":{"line":27,"column":2},"end":{"line":29,"column":3}},"type":"if","locations":[{"start":{"line":27,"column":2},"end":{"line":29,"column":3}},{"start":{},"end":{}}],"line":27},"6":{"loc":{"start":{"line":27,"column":6},"end":{"line":27,"column":86}},"type":"binary-expr","locations":[{"start":{"line":27,"column":6},"end":{"line":27,"column":19}},{"start":{"line":27,"column":23},"end":{"line":27,"column":36}},{"start":{"line":27,"column":40},"end":{"line":27,"column":53}},{"start":{"line":27,"column":57},"end":{"line":27,"column":67}},{"start":{"line":27,"column":71},"end":{"line":27,"column":86}}],"line":27},"7":{"loc":{"start":{"line":34,"column":2},"end":{"line":36,"column":3}},"type":"if","locations":[{"start":{"line":34,"column":2},"end":{"line":36,"column":3}},{"start":{},"end":{}}],"line":34},"8":{"loc":{"start":{"line":34,"column":6},"end":{"line":34,"column":33}},"type":"binary-expr","locations":[{"start":{"line":34,"column":6},"end":{"line":34,"column":11}},{"start":{"line":34,"column":15},"end":{"line":34,"column":33}}],"line":34},"9":{"loc":{"start":{"line":38,"column":2},"end":{"line":40,"column":3}},"type":"if","locations":[{"start":{"line":38,"column":2},"end":{"line":40,"column":3}},{"start":{},"end":{}}],"line":38},"10":{"loc":{"start":{"line":45,"column":2},"end":{"line":47,"column":3}},"type":"if","locations":[{"start":{"line":45,"column":2},"end":{"line":47,"column":3}},{"start":{},"end":{}}],"line":45},"11":{"loc":{"start":{"line":45,"column":6},"end":{"line":45,"column":35}},"type":"binary-expr","locations":[{"start":{"line":45,"column":6},"end":{"line":45,"column":12}},{"start":{"line":45,"column":16},"end":{"line":45,"column":35}}],"line":45},"12":{"loc":{"start":{"line":49,"column":2},"end":{"line":51,"column":3}},"type":"if","locations":[{"start":{"line":49,"column":2},"end":{"line":51,"column":3}},{"start":{},"end":{}}],"line":49},"13":{"loc":{"start":{"line":56,"column":2},"end":{"line":58,"column":3}},"type":"if","locations":[{"start":{"line":56,"column":2},"end":{"line":58,"column":3}},{"start":{},"end":{}}],"line":56},"14":{"loc":{"start":{"line":56,"column":6},"end":{"line":56,"column":31}},"type":"binary-expr","locations":[{"start":{"line":56,"column":6},"end":{"line":56,"column":10}},{"start":{"line":56,"column":14},"end":{"line":56,"column":31}}],"line":56},"15":{"loc":{"start":{"line":60,"column":2},"end":{"line":62,"column":3}},"type":"if","locations":[{"start":{"line":60,"column":2},"end":{"line":62,"column":3}},{"start":{},"end":{}}],"line":60},"16":{"loc":{"start":{"line":73,"column":2},"end":{"line":73,"column":44}},"type":"if","locations":[{"start":{"line":73,"column":2},"end":{"line":73,"column":44}},{"start":{},"end":{}}],"line":73},"17":{"loc":{"start":{"line":73,"column":6},"end":{"line":73,"column":29}},"type":"binary-expr","locations":[{"start":{"line":73,"column":6},"end":{"line":73,"column":15}},{"start":{"line":73,"column":19},"end":{"line":73,"column":29}}],"line":73},"18":{"loc":{"start":{"line":74,"column":2},"end":{"line":74,"column":28}},"type":"if","locations":[{"start":{"line":74,"column":2},"end":{"line":74,"column":28}},{"start":{},"end":{}}],"line":74},"19":{"loc":{"start":{"line":76,"column":2},"end":{"line":76,"column":38}},"type":"if","locations":[{"start":{"line":76,"column":2},"end":{"line":76,"column":38}},{"start":{},"end":{}}],"line":76},"20":{"loc":{"start":{"line":81,"column":2},"end":{"line":83,"column":3}},"type":"if","locations":[{"start":{"line":81,"column":2},"end":{"line":83,"column":3}},{"start":{},"end":{}}],"line":81},"21":{"loc":{"start":{"line":81,"column":6},"end":{"line":81,"column":31}},"type":"binary-expr","locations":[{"start":{"line":81,"column":6},"end":{"line":81,"column":10}},{"start":{"line":81,"column":14},"end":{"line":81,"column":31}}],"line":81},"22":{"loc":{"start":{"line":88,"column":4},"end":{"line":136,"column":5}},"type":"if","locations":[{"start":{"line":88,"column":4},"end":{"line":136,"column":5}},{"start":{"line":113,"column":11},"end":{"line":136,"column":5}}],"line":88},"23":{"loc":{"start":{"line":91,"column":6},"end":{"line":93,"column":7}},"type":"if","locations":[{"start":{"line":91,"column":6},"end":{"line":93,"column":7}},{"start":{},"end":{}}],"line":91},"24":{"loc":{"start":{"line":100,"column":6},"end":{"line":102,"column":7}},"type":"if","locations":[{"start":{"line":100,"column":6},"end":{"line":102,"column":7}},{"start":{},"end":{}}],"line":100},"25":{"loc":{"start":{"line":100,"column":10},"end":{"line":100,"column":51}},"type":"binary-expr","locations":[{"start":{"line":100,"column":10},"end":{"line":100,"column":20}},{"start":{"line":100,"column":24},"end":{"line":100,"column":36}},{"start":{"line":100,"column":40},"end":{"line":100,"column":51}}],"line":100},"26":{"loc":{"start":{"line":105,"column":6},"end":{"line":107,"column":7}},"type":"if","locations":[{"start":{"line":105,"column":6},"end":{"line":107,"column":7}},{"start":{},"end":{}}],"line":105},"27":{"loc":{"start":{"line":110,"column":6},"end":{"line":112,"column":7}},"type":"if","locations":[{"start":{"line":110,"column":6},"end":{"line":112,"column":7}},{"start":{},"end":{}}],"line":110},"28":{"loc":{"start":{"line":110,"column":10},"end":{"line":110,"column":56}},"type":"binary-expr","locations":[{"start":{"line":110,"column":10},"end":{"line":110,"column":21}},{"start":{"line":110,"column":25},"end":{"line":110,"column":56}}],"line":110},"29":{"loc":{"start":{"line":113,"column":11},"end":{"line":136,"column":5}},"type":"if","locations":[{"start":{"line":113,"column":11},"end":{"line":136,"column":5}},{"start":{"line":134,"column":11},"end":{"line":136,"column":5}}],"line":113},"30":{"loc":{"start":{"line":116,"column":6},"end":{"line":118,"column":7}},"type":"if","locations":[{"start":{"line":116,"column":6},"end":{"line":118,"column":7}},{"start":{},"end":{}}],"line":116},"31":{"loc":{"start":{"line":123,"column":6},"end":{"line":125,"column":7}},"type":"if","locations":[{"start":{"line":123,"column":6},"end":{"line":125,"column":7}},{"start":{},"end":{}}],"line":123},"32":{"loc":{"start":{"line":123,"column":10},"end":{"line":123,"column":51}},"type":"binary-expr","locations":[{"start":{"line":123,"column":10},"end":{"line":123,"column":21}},{"start":{"line":123,"column":25},"end":{"line":123,"column":37}},{"start":{"line":123,"column":41},"end":{"line":123,"column":51}}],"line":123},"33":{"loc":{"start":{"line":127,"column":6},"end":{"line":129,"column":7}},"type":"if","locations":[{"start":{"line":127,"column":6},"end":{"line":129,"column":7}},{"start":{},"end":{}}],"line":127},"34":{"loc":{"start":{"line":131,"column":6},"end":{"line":133,"column":7}},"type":"if","locations":[{"start":{"line":131,"column":6},"end":{"line":133,"column":7}},{"start":{},"end":{}}],"line":131},"35":{"loc":{"start":{"line":131,"column":10},"end":{"line":131,"column":56}},"type":"binary-expr","locations":[{"start":{"line":131,"column":10},"end":{"line":131,"column":21}},{"start":{"line":131,"column":25},"end":{"line":131,"column":56}}],"line":131},"36":{"loc":{"start":{"line":146,"column":4},"end":{"line":148,"column":5}},"type":"if","locations":[{"start":{"line":146,"column":4},"end":{"line":148,"column":5}},{"start":{},"end":{}}],"line":146},"37":{"loc":{"start":{"line":146,"column":8},"end":{"line":146,"column":57}},"type":"binary-expr","locations":[{"start":{"line":146,"column":8},"end":{"line":146,"column":21}},{"start":{"line":146,"column":26},"end":{"line":146,"column":41}},{"start":{"line":146,"column":45},"end":{"line":146,"column":56}}],"line":146},"38":{"loc":{"start":{"line":150,"column":4},"end":{"line":152,"column":5}},"type":"if","locations":[{"start":{"line":150,"column":4},"end":{"line":152,"column":5}},{"start":{},"end":{}}],"line":150},"39":{"loc":{"start":{"line":160,"column":2},"end":{"line":162,"column":3}},"type":"if","locations":[{"start":{"line":160,"column":2},"end":{"line":162,"column":3}},{"start":{},"end":{}}],"line":160},"40":{"loc":{"start":{"line":160,"column":6},"end":{"line":160,"column":31}},"type":"binary-expr","locations":[{"start":{"line":160,"column":6},"end":{"line":160,"column":10}},{"start":{"line":160,"column":14},"end":{"line":160,"column":31}}],"line":160},"41":{"loc":{"start":{"line":167,"column":4},"end":{"line":227,"column":5}},"type":"if","locations":[{"start":{"line":167,"column":4},"end":{"line":227,"column":5}},{"start":{"line":199,"column":11},"end":{"line":227,"column":5}}],"line":167},"42":{"loc":{"start":{"line":170,"column":6},"end":{"line":172,"column":7}},"type":"if","locations":[{"start":{"line":170,"column":6},"end":{"line":172,"column":7}},{"start":{},"end":{}}],"line":170},"43":{"loc":{"start":{"line":179,"column":6},"end":{"line":181,"column":7}},"type":"if","locations":[{"start":{"line":179,"column":6},"end":{"line":181,"column":7}},{"start":{},"end":{}}],"line":179},"44":{"loc":{"start":{"line":179,"column":10},"end":{"line":179,"column":51}},"type":"binary-expr","locations":[{"start":{"line":179,"column":10},"end":{"line":179,"column":20}},{"start":{"line":179,"column":24},"end":{"line":179,"column":36}},{"start":{"line":179,"column":40},"end":{"line":179,"column":51}}],"line":179},"45":{"loc":{"start":{"line":184,"column":6},"end":{"line":186,"column":7}},"type":"if","locations":[{"start":{"line":184,"column":6},"end":{"line":186,"column":7}},{"start":{},"end":{}}],"line":184},"46":{"loc":{"start":{"line":189,"column":6},"end":{"line":191,"column":7}},"type":"if","locations":[{"start":{"line":189,"column":6},"end":{"line":191,"column":7}},{"start":{},"end":{}}],"line":189},"47":{"loc":{"start":{"line":189,"column":10},"end":{"line":189,"column":56}},"type":"binary-expr","locations":[{"start":{"line":189,"column":10},"end":{"line":189,"column":21}},{"start":{"line":189,"column":25},"end":{"line":189,"column":56}}],"line":189},"48":{"loc":{"start":{"line":199,"column":11},"end":{"line":227,"column":5}},"type":"if","locations":[{"start":{"line":199,"column":11},"end":{"line":227,"column":5}},{"start":{"line":225,"column":11},"end":{"line":227,"column":5}}],"line":199},"49":{"loc":{"start":{"line":202,"column":6},"end":{"line":223,"column":7}},"type":"if","locations":[{"start":{"line":202,"column":6},"end":{"line":223,"column":7}},{"start":{},"end":{}}],"line":202},"50":{"loc":{"start":{"line":208,"column":8},"end":{"line":210,"column":9}},"type":"if","locations":[{"start":{"line":208,"column":8},"end":{"line":210,"column":9}},{"start":{},"end":{}}],"line":208},"51":{"loc":{"start":{"line":208,"column":12},"end":{"line":208,"column":53}},"type":"binary-expr","locations":[{"start":{"line":208,"column":12},"end":{"line":208,"column":23}},{"start":{"line":208,"column":27},"end":{"line":208,"column":39}},{"start":{"line":208,"column":43},"end":{"line":208,"column":53}}],"line":208},"52":{"loc":{"start":{"line":213,"column":8},"end":{"line":215,"column":9}},"type":"if","locations":[{"start":{"line":213,"column":8},"end":{"line":215,"column":9}},{"start":{},"end":{}}],"line":213},"53":{"loc":{"start":{"line":217,"column":8},"end":{"line":219,"column":9}},"type":"if","locations":[{"start":{"line":217,"column":8},"end":{"line":219,"column":9}},{"start":{},"end":{}}],"line":217},"54":{"loc":{"start":{"line":217,"column":12},"end":{"line":217,"column":58}},"type":"binary-expr","locations":[{"start":{"line":217,"column":12},"end":{"line":217,"column":23}},{"start":{"line":217,"column":27},"end":{"line":217,"column":58}}],"line":217},"55":{"loc":{"start":{"line":234,"column":2},"end":{"line":236,"column":3}},"type":"if","locations":[{"start":{"line":234,"column":2},"end":{"line":236,"column":3}},{"start":{},"end":{}}],"line":234},"56":{"loc":{"start":{"line":234,"column":6},"end":{"line":234,"column":53}},"type":"binary-expr","locations":[{"start":{"line":234,"column":6},"end":{"line":234,"column":21}},{"start":{"line":234,"column":25},"end":{"line":234,"column":53}}],"line":234},"57":{"loc":{"start":{"line":237,"column":2},"end":{"line":239,"column":3}},"type":"if","locations":[{"start":{"line":237,"column":2},"end":{"line":239,"column":3}},{"start":{},"end":{}}],"line":237},"58":{"loc":{"start":{"line":241,"column":2},"end":{"line":243,"column":3}},"type":"if","locations":[{"start":{"line":241,"column":2},"end":{"line":243,"column":3}},{"start":{},"end":{}}],"line":241},"59":{"loc":{"start":{"line":241,"column":6},"end":{"line":241,"column":79}},"type":"binary-expr","locations":[{"start":{"line":241,"column":6},"end":{"line":241,"column":34}},{"start":{"line":241,"column":38},"end":{"line":241,"column":79}}],"line":241},"60":{"loc":{"start":{"line":244,"column":2},"end":{"line":246,"column":3}},"type":"if","locations":[{"start":{"line":244,"column":2},"end":{"line":246,"column":3}},{"start":{},"end":{}}],"line":244},"61":{"loc":{"start":{"line":248,"column":2},"end":{"line":250,"column":3}},"type":"if","locations":[{"start":{"line":248,"column":2},"end":{"line":250,"column":3}},{"start":{},"end":{}}],"line":248},"62":{"loc":{"start":{"line":248,"column":6},"end":{"line":248,"column":59}},"type":"binary-expr","locations":[{"start":{"line":248,"column":6},"end":{"line":248,"column":24}},{"start":{"line":248,"column":28},"end":{"line":248,"column":59}}],"line":248},"63":{"loc":{"start":{"line":251,"column":2},"end":{"line":253,"column":3}},"type":"if","locations":[{"start":{"line":251,"column":2},"end":{"line":253,"column":3}},{"start":{},"end":{}}],"line":251},"64":{"loc":{"start":{"line":255,"column":2},"end":{"line":257,"column":3}},"type":"if","locations":[{"start":{"line":255,"column":2},"end":{"line":257,"column":3}},{"start":{},"end":{}}],"line":255},"65":{"loc":{"start":{"line":255,"column":6},"end":{"line":255,"column":67}},"type":"binary-expr","locations":[{"start":{"line":255,"column":6},"end":{"line":255,"column":28}},{"start":{"line":255,"column":32},"end":{"line":255,"column":67}}],"line":255},"66":{"loc":{"start":{"line":258,"column":2},"end":{"line":260,"column":3}},"type":"if","locations":[{"start":{"line":258,"column":2},"end":{"line":260,"column":3}},{"start":{},"end":{}}],"line":258},"67":{"loc":{"start":{"line":262,"column":2},"end":{"line":264,"column":3}},"type":"if","locations":[{"start":{"line":262,"column":2},"end":{"line":264,"column":3}},{"start":{},"end":{}}],"line":262},"68":{"loc":{"start":{"line":262,"column":6},"end":{"line":262,"column":118}},"type":"binary-expr","locations":[{"start":{"line":262,"column":6},"end":{"line":262,"column":30}},{"start":{"line":262,"column":34},"end":{"line":262,"column":72}},{"start":{"line":262,"column":76},"end":{"line":262,"column":118}}],"line":262},"69":{"loc":{"start":{"line":266,"column":2},"end":{"line":268,"column":3}},"type":"if","locations":[{"start":{"line":266,"column":2},"end":{"line":268,"column":3}},{"start":{},"end":{}}],"line":266},"70":{"loc":{"start":{"line":266,"column":6},"end":{"line":266,"column":112}},"type":"binary-expr","locations":[{"start":{"line":266,"column":6},"end":{"line":266,"column":28}},{"start":{"line":266,"column":32},"end":{"line":266,"column":68}},{"start":{"line":266,"column":72},"end":{"line":266,"column":112}}],"line":266},"71":{"loc":{"start":{"line":270,"column":2},"end":{"line":272,"column":3}},"type":"if","locations":[{"start":{"line":270,"column":2},"end":{"line":272,"column":3}},{"start":{},"end":{}}],"line":270},"72":{"loc":{"start":{"line":270,"column":6},"end":{"line":270,"column":107}},"type":"binary-expr","locations":[{"start":{"line":270,"column":6},"end":{"line":270,"column":26}},{"start":{"line":270,"column":30},"end":{"line":270,"column":64}},{"start":{"line":270,"column":68},"end":{"line":270,"column":107}}],"line":270},"73":{"loc":{"start":{"line":274,"column":2},"end":{"line":276,"column":3}},"type":"if","locations":[{"start":{"line":274,"column":2},"end":{"line":276,"column":3}},{"start":{},"end":{}}],"line":274},"74":{"loc":{"start":{"line":274,"column":6},"end":{"line":274,"column":75}},"type":"binary-expr","locations":[{"start":{"line":274,"column":6},"end":{"line":274,"column":32}},{"start":{"line":274,"column":36},"end":{"line":274,"column":75}}],"line":274},"75":{"loc":{"start":{"line":278,"column":2},"end":{"line":280,"column":3}},"type":"if","locations":[{"start":{"line":278,"column":2},"end":{"line":280,"column":3}},{"start":{},"end":{}}],"line":278},"76":{"loc":{"start":{"line":282,"column":2},"end":{"line":284,"column":3}},"type":"if","locations":[{"start":{"line":282,"column":2},"end":{"line":284,"column":3}},{"start":{},"end":{}}],"line":282},"77":{"loc":{"start":{"line":282,"column":6},"end":{"line":282,"column":137}},"type":"binary-expr","locations":[{"start":{"line":282,"column":6},"end":{"line":282,"column":36}},{"start":{"line":282,"column":40},"end":{"line":282,"column":84}},{"start":{"line":282,"column":88},"end":{"line":282,"column":137}}],"line":282},"78":{"loc":{"start":{"line":286,"column":2},"end":{"line":291,"column":3}},"type":"if","locations":[{"start":{"line":286,"column":2},"end":{"line":291,"column":3}},{"start":{},"end":{}}],"line":286},"79":{"loc":{"start":{"line":286,"column":6},"end":{"line":286,"column":87}},"type":"binary-expr","locations":[{"start":{"line":286,"column":6},"end":{"line":286,"column":42}},{"start":{"line":286,"column":46},"end":{"line":286,"column":87}}],"line":286},"80":{"loc":{"start":{"line":288,"column":4},"end":{"line":290,"column":5}},"type":"if","locations":[{"start":{"line":288,"column":4},"end":{"line":290,"column":5}},{"start":{},"end":{}}],"line":288},"81":{"loc":{"start":{"line":288,"column":8},"end":{"line":288,"column":47}},"type":"binary-expr","locations":[{"start":{"line":288,"column":8},"end":{"line":288,"column":20}},{"start":{"line":288,"column":24},"end":{"line":288,"column":33}},{"start":{"line":288,"column":37},"end":{"line":288,"column":47}}],"line":288},"82":{"loc":{"start":{"line":293,"column":2},"end":{"line":295,"column":3}},"type":"if","locations":[{"start":{"line":293,"column":2},"end":{"line":295,"column":3}},{"start":{},"end":{}}],"line":293},"83":{"loc":{"start":{"line":293,"column":6},"end":{"line":293,"column":83}},"type":"binary-expr","locations":[{"start":{"line":293,"column":6},"end":{"line":293,"column":36}},{"start":{"line":293,"column":40},"end":{"line":293,"column":83}}],"line":293},"84":{"loc":{"start":{"line":296,"column":2},"end":{"line":298,"column":3}},"type":"if","locations":[{"start":{"line":296,"column":2},"end":{"line":298,"column":3}},{"start":{},"end":{}}],"line":296},"85":{"loc":{"start":{"line":330,"column":23},"end":{"line":330,"column":42}},"type":"binary-expr","locations":[{"start":{"line":330,"column":23},"end":{"line":330,"column":36}},{"start":{"line":330,"column":40},"end":{"line":330,"column":42}}],"line":330},"86":{"loc":{"start":{"line":331,"column":26},"end":{"line":331,"column":48}},"type":"binary-expr","locations":[{"start":{"line":331,"column":26},"end":{"line":331,"column":42}},{"start":{"line":331,"column":46},"end":{"line":331,"column":48}}],"line":331},"87":{"loc":{"start":{"line":332,"column":27},"end":{"line":332,"column":50}},"type":"binary-expr","locations":[{"start":{"line":332,"column":27},"end":{"line":332,"column":44}},{"start":{"line":332,"column":48},"end":{"line":332,"column":50}}],"line":332},"88":{"loc":{"start":{"line":333,"column":26},"end":{"line":333,"column":48}},"type":"binary-expr","locations":[{"start":{"line":333,"column":26},"end":{"line":333,"column":42}},{"start":{"line":333,"column":46},"end":{"line":333,"column":48}}],"line":333},"89":{"loc":{"start":{"line":334,"column":23},"end":{"line":334,"column":49}},"type":"binary-expr","locations":[{"start":{"line":334,"column":23},"end":{"line":334,"column":43}},{"start":{"line":334,"column":47},"end":{"line":334,"column":49}}],"line":334},"90":{"loc":{"start":{"line":335,"column":21},"end":{"line":335,"column":38}},"type":"binary-expr","locations":[{"start":{"line":335,"column":21},"end":{"line":335,"column":32}},{"start":{"line":335,"column":36},"end":{"line":335,"column":38}}],"line":335},"91":{"loc":{"start":{"line":339,"column":2},"end":{"line":341,"column":3}},"type":"if","locations":[{"start":{"line":339,"column":2},"end":{"line":341,"column":3}},{"start":{},"end":{}}],"line":339},"92":{"loc":{"start":{"line":345,"column":2},"end":{"line":347,"column":3}},"type":"if","locations":[{"start":{"line":345,"column":2},"end":{"line":347,"column":3}},{"start":{},"end":{}}],"line":345},"93":{"loc":{"start":{"line":351,"column":2},"end":{"line":353,"column":3}},"type":"if","locations":[{"start":{"line":351,"column":2},"end":{"line":353,"column":3}},{"start":{},"end":{}}],"line":351},"94":{"loc":{"start":{"line":357,"column":2},"end":{"line":359,"column":3}},"type":"if","locations":[{"start":{"line":357,"column":2},"end":{"line":359,"column":3}},{"start":{},"end":{}}],"line":357},"95":{"loc":{"start":{"line":363,"column":2},"end":{"line":365,"column":3}},"type":"if","locations":[{"start":{"line":363,"column":2},"end":{"line":365,"column":3}},{"start":{},"end":{}}],"line":363},"96":{"loc":{"start":{"line":369,"column":2},"end":{"line":371,"column":3}},"type":"if","locations":[{"start":{"line":369,"column":2},"end":{"line":371,"column":3}},{"start":{},"end":{}}],"line":369},"97":{"loc":{"start":{"line":376,"column":2},"end":{"line":380,"column":3}},"type":"if","locations":[{"start":{"line":376,"column":2},"end":{"line":380,"column":3}},{"start":{},"end":{}}],"line":376},"98":{"loc":{"start":{"line":376,"column":6},"end":{"line":376,"column":68}},"type":"binary-expr","locations":[{"start":{"line":376,"column":6},"end":{"line":376,"column":15}},{"start":{"line":376,"column":20},"end":{"line":376,"column":42}},{"start":{"line":376,"column":46},"end":{"line":376,"column":67}}],"line":376},"99":{"loc":{"start":{"line":383,"column":2},"end":{"line":391,"column":3}},"type":"if","locations":[{"start":{"line":383,"column":2},"end":{"line":391,"column":3}},{"start":{},"end":{}}],"line":383},"100":{"loc":{"start":{"line":384,"column":4},"end":{"line":386,"column":5}},"type":"if","locations":[{"start":{"line":384,"column":4},"end":{"line":386,"column":5}},{"start":{},"end":{}}],"line":384},"101":{"loc":{"start":{"line":388,"column":4},"end":{"line":390,"column":5}},"type":"if","locations":[{"start":{"line":388,"column":4},"end":{"line":390,"column":5}},{"start":{},"end":{}}],"line":388},"102":{"loc":{"start":{"line":394,"column":2},"end":{"line":398,"column":3}},"type":"if","locations":[{"start":{"line":394,"column":2},"end":{"line":398,"column":3}},{"start":{},"end":{}}],"line":394},"103":{"loc":{"start":{"line":394,"column":6},"end":{"line":394,"column":44}},"type":"binary-expr","locations":[{"start":{"line":394,"column":6},"end":{"line":394,"column":27}},{"start":{"line":394,"column":31},"end":{"line":394,"column":44}}],"line":394},"104":{"loc":{"start":{"line":401,"column":2},"end":{"line":420,"column":3}},"type":"if","locations":[{"start":{"line":401,"column":2},"end":{"line":420,"column":3}},{"start":{},"end":{}}],"line":401},"105":{"loc":{"start":{"line":403,"column":11},"end":{"line":403,"column":28}},"type":"binary-expr","locations":[{"start":{"line":403,"column":11},"end":{"line":403,"column":22}},{"start":{"line":403,"column":26},"end":{"line":403,"column":28}}],"line":403},"106":{"loc":{"start":{"line":404,"column":24},"end":{"line":404,"column":54}},"type":"binary-expr","locations":[{"start":{"line":404,"column":24},"end":{"line":404,"column":48}},{"start":{"line":404,"column":52},"end":{"line":404,"column":54}}],"line":404},"107":{"loc":{"start":{"line":405,"column":14},"end":{"line":405,"column":34}},"type":"binary-expr","locations":[{"start":{"line":405,"column":14},"end":{"line":405,"column":28}},{"start":{"line":405,"column":32},"end":{"line":405,"column":34}}],"line":405},"108":{"loc":{"start":{"line":406,"column":18},"end":{"line":406,"column":42}},"type":"binary-expr","locations":[{"start":{"line":406,"column":18},"end":{"line":406,"column":36}},{"start":{"line":406,"column":40},"end":{"line":406,"column":42}}],"line":406},"109":{"loc":{"start":{"line":407,"column":21},"end":{"line":407,"column":48}},"type":"binary-expr","locations":[{"start":{"line":407,"column":21},"end":{"line":407,"column":42}},{"start":{"line":407,"column":46},"end":{"line":407,"column":48}}],"line":407},"110":{"loc":{"start":{"line":408,"column":19},"end":{"line":408,"column":44}},"type":"binary-expr","locations":[{"start":{"line":408,"column":19},"end":{"line":408,"column":38}},{"start":{"line":408,"column":42},"end":{"line":408,"column":44}}],"line":408},"111":{"loc":{"start":{"line":409,"column":17},"end":{"line":409,"column":40}},"type":"binary-expr","locations":[{"start":{"line":409,"column":17},"end":{"line":409,"column":34}},{"start":{"line":409,"column":38},"end":{"line":409,"column":40}}],"line":409},"112":{"loc":{"start":{"line":410,"column":22},"end":{"line":410,"column":50}},"type":"binary-expr","locations":[{"start":{"line":410,"column":22},"end":{"line":410,"column":44}},{"start":{"line":410,"column":48},"end":{"line":410,"column":50}}],"line":410},"113":{"loc":{"start":{"line":411,"column":27},"end":{"line":411,"column":60}},"type":"binary-expr","locations":[{"start":{"line":411,"column":27},"end":{"line":411,"column":54}},{"start":{"line":411,"column":58},"end":{"line":411,"column":60}}],"line":411},"114":{"loc":{"start":{"line":413,"column":26},"end":{"line":413,"column":58}},"type":"binary-expr","locations":[{"start":{"line":413,"column":26},"end":{"line":413,"column":52}},{"start":{"line":413,"column":56},"end":{"line":413,"column":58}}],"line":413},"115":{"loc":{"start":{"line":417,"column":4},"end":{"line":419,"column":5}},"type":"if","locations":[{"start":{"line":417,"column":4},"end":{"line":419,"column":5}},{"start":{},"end":{}}],"line":417},"116":{"loc":{"start":{"line":429,"column":2},"end":{"line":431,"column":3}},"type":"if","locations":[{"start":{"line":429,"column":2},"end":{"line":431,"column":3}},{"start":{},"end":{}}],"line":429},"117":{"loc":{"start":{"line":440,"column":2},"end":{"line":453,"column":3}},"type":"if","locations":[{"start":{"line":440,"column":2},"end":{"line":453,"column":3}},{"start":{},"end":{}}],"line":440},"118":{"loc":{"start":{"line":441,"column":14},"end":{"line":441,"column":48}},"type":"binary-expr","locations":[{"start":{"line":441,"column":14},"end":{"line":441,"column":42}},{"start":{"line":441,"column":46},"end":{"line":441,"column":48}}],"line":441},"119":{"loc":{"start":{"line":442,"column":4},"end":{"line":451,"column":5}},"type":"if","locations":[{"start":{"line":442,"column":4},"end":{"line":451,"column":5}},{"start":{},"end":{}}],"line":442},"120":{"loc":{"start":{"line":443,"column":6},"end":{"line":448,"column":7}},"type":"binary-expr","locations":[{"start":{"line":443,"column":6},"end":{"line":443,"column":29}},{"start":{"line":444,"column":8},"end":{"line":444,"column":29}},{"start":{"line":445,"column":8},"end":{"line":445,"column":34}},{"start":{"line":446,"column":8},"end":{"line":446,"column":30}},{"start":{"line":447,"column":8},"end":{"line":447,"column":33}}],"line":443},"121":{"loc":{"start":{"line":469,"column":2},"end":{"line":471,"column":3}},"type":"if","locations":[{"start":{"line":469,"column":2},"end":{"line":471,"column":3}},{"start":{},"end":{}}],"line":469},"122":{"loc":{"start":{"line":474,"column":2},"end":{"line":602,"column":3}},"type":"if","locations":[{"start":{"line":474,"column":2},"end":{"line":602,"column":3}},{"start":{"line":543,"column":7},"end":{"line":602,"column":3}}],"line":474},"123":{"loc":{"start":{"line":475,"column":4},"end":{"line":480,"column":5}},"type":"if","locations":[{"start":{"line":475,"column":4},"end":{"line":480,"column":5}},{"start":{},"end":{}}],"line":475},"124":{"loc":{"start":{"line":487,"column":4},"end":{"line":490,"column":5}},"type":"if","locations":[{"start":{"line":487,"column":4},"end":{"line":490,"column":5}},{"start":{},"end":{}}],"line":487},"125":{"loc":{"start":{"line":495,"column":4},"end":{"line":500,"column":5}},"type":"if","locations":[{"start":{"line":495,"column":4},"end":{"line":500,"column":5}},{"start":{},"end":{}}],"line":495},"126":{"loc":{"start":{"line":504,"column":4},"end":{"line":509,"column":5}},"type":"if","locations":[{"start":{"line":504,"column":4},"end":{"line":509,"column":5}},{"start":{},"end":{}}],"line":504},"127":{"loc":{"start":{"line":521,"column":4},"end":{"line":540,"column":5}},"type":"if","locations":[{"start":{"line":521,"column":4},"end":{"line":540,"column":5}},{"start":{},"end":{}}],"line":521},"128":{"loc":{"start":{"line":534,"column":6},"end":{"line":538,"column":7}},"type":"if","locations":[{"start":{"line":534,"column":6},"end":{"line":538,"column":7}},{"start":{},"end":{}}],"line":534},"129":{"loc":{"start":{"line":534,"column":10},"end":{"line":534,"column":93}},"type":"binary-expr","locations":[{"start":{"line":534,"column":10},"end":{"line":534,"column":30}},{"start":{"line":534,"column":34},"end":{"line":534,"column":93}}],"line":534},"130":{"loc":{"start":{"line":543,"column":7},"end":{"line":602,"column":3}},"type":"if","locations":[{"start":{"line":543,"column":7},"end":{"line":602,"column":3}},{"start":{"line":599,"column":9},"end":{"line":602,"column":3}}],"line":543},"131":{"loc":{"start":{"line":552,"column":4},"end":{"line":558,"column":5}},"type":"if","locations":[{"start":{"line":552,"column":4},"end":{"line":558,"column":5}},{"start":{},"end":{}}],"line":552},"132":{"loc":{"start":{"line":562,"column":21},"end":{"line":562,"column":42}},"type":"binary-expr","locations":[{"start":{"line":562,"column":21},"end":{"line":562,"column":34}},{"start":{"line":562,"column":38},"end":{"line":562,"column":42}}],"line":562},"133":{"loc":{"start":{"line":563,"column":11},"end":{"line":563,"column":30}},"type":"binary-expr","locations":[{"start":{"line":563,"column":11},"end":{"line":563,"column":22}},{"start":{"line":563,"column":26},"end":{"line":563,"column":30}}],"line":563},"134":{"loc":{"start":{"line":564,"column":24},"end":{"line":564,"column":56}},"type":"binary-expr","locations":[{"start":{"line":564,"column":24},"end":{"line":564,"column":48}},{"start":{"line":564,"column":52},"end":{"line":564,"column":56}}],"line":564},"135":{"loc":{"start":{"line":565,"column":14},"end":{"line":565,"column":36}},"type":"binary-expr","locations":[{"start":{"line":565,"column":14},"end":{"line":565,"column":28}},{"start":{"line":565,"column":32},"end":{"line":565,"column":36}}],"line":565},"136":{"loc":{"start":{"line":566,"column":18},"end":{"line":566,"column":44}},"type":"binary-expr","locations":[{"start":{"line":566,"column":18},"end":{"line":566,"column":36}},{"start":{"line":566,"column":40},"end":{"line":566,"column":44}}],"line":566},"137":{"loc":{"start":{"line":567,"column":21},"end":{"line":567,"column":50}},"type":"binary-expr","locations":[{"start":{"line":567,"column":21},"end":{"line":567,"column":42}},{"start":{"line":567,"column":46},"end":{"line":567,"column":50}}],"line":567},"138":{"loc":{"start":{"line":568,"column":19},"end":{"line":568,"column":46}},"type":"binary-expr","locations":[{"start":{"line":568,"column":19},"end":{"line":568,"column":38}},{"start":{"line":568,"column":42},"end":{"line":568,"column":46}}],"line":568},"139":{"loc":{"start":{"line":569,"column":17},"end":{"line":569,"column":42}},"type":"binary-expr","locations":[{"start":{"line":569,"column":17},"end":{"line":569,"column":34}},{"start":{"line":569,"column":38},"end":{"line":569,"column":42}}],"line":569},"140":{"loc":{"start":{"line":570,"column":22},"end":{"line":570,"column":52}},"type":"binary-expr","locations":[{"start":{"line":570,"column":22},"end":{"line":570,"column":44}},{"start":{"line":570,"column":48},"end":{"line":570,"column":52}}],"line":570},"141":{"loc":{"start":{"line":571,"column":27},"end":{"line":571,"column":62}},"type":"binary-expr","locations":[{"start":{"line":571,"column":27},"end":{"line":571,"column":54}},{"start":{"line":571,"column":58},"end":{"line":571,"column":62}}],"line":571},"142":{"loc":{"start":{"line":572,"column":24},"end":{"line":572,"column":48}},"type":"binary-expr","locations":[{"start":{"line":572,"column":24},"end":{"line":572,"column":40}},{"start":{"line":572,"column":44},"end":{"line":572,"column":48}}],"line":572},"143":{"loc":{"start":{"line":573,"column":26},"end":{"line":573,"column":60}},"type":"binary-expr","locations":[{"start":{"line":573,"column":26},"end":{"line":573,"column":52}},{"start":{"line":573,"column":56},"end":{"line":573,"column":60}}],"line":573},"144":{"loc":{"start":{"line":574,"column":22},"end":{"line":574,"column":44}},"type":"binary-expr","locations":[{"start":{"line":574,"column":22},"end":{"line":574,"column":36}},{"start":{"line":574,"column":40},"end":{"line":574,"column":44}}],"line":574},"145":{"loc":{"start":{"line":579,"column":4},"end":{"line":583,"column":5}},"type":"if","locations":[{"start":{"line":579,"column":4},"end":{"line":583,"column":5}},{"start":{},"end":{}}],"line":579},"146":{"loc":{"start":{"line":592,"column":4},"end":{"line":598,"column":5}},"type":"if","locations":[{"start":{"line":592,"column":4},"end":{"line":598,"column":5}},{"start":{},"end":{}}],"line":592},"147":{"loc":{"start":{"line":613,"column":2},"end":{"line":656,"column":3}},"type":"if","locations":[{"start":{"line":613,"column":2},"end":{"line":656,"column":3}},{"start":{"line":626,"column":9},"end":{"line":656,"column":3}}],"line":613},"148":{"loc":{"start":{"line":620,"column":4},"end":{"line":622,"column":5}},"type":"if","locations":[{"start":{"line":620,"column":4},"end":{"line":622,"column":5}},{"start":{},"end":{}}],"line":620},"149":{"loc":{"start":{"line":625,"column":29},"end":{"line":625,"column":59}},"type":"binary-expr","locations":[{"start":{"line":625,"column":29},"end":{"line":625,"column":51}},{"start":{"line":625,"column":55},"end":{"line":625,"column":59}}],"line":625},"150":{"loc":{"start":{"line":626,"column":9},"end":{"line":656,"column":3}},"type":"if","locations":[{"start":{"line":626,"column":9},"end":{"line":656,"column":3}},{"start":{},"end":{}}],"line":626},"151":{"loc":{"start":{"line":633,"column":4},"end":{"line":635,"column":5}},"type":"if","locations":[{"start":{"line":633,"column":4},"end":{"line":635,"column":5}},{"start":{},"end":{}}],"line":633},"152":{"loc":{"start":{"line":640,"column":21},"end":{"line":640,"column":50}},"type":"binary-expr","locations":[{"start":{"line":640,"column":21},"end":{"line":640,"column":42}},{"start":{"line":640,"column":46},"end":{"line":640,"column":50}}],"line":640},"153":{"loc":{"start":{"line":641,"column":11},"end":{"line":641,"column":30}},"type":"binary-expr","locations":[{"start":{"line":641,"column":11},"end":{"line":641,"column":22}},{"start":{"line":641,"column":26},"end":{"line":641,"column":30}}],"line":641},"154":{"loc":{"start":{"line":642,"column":24},"end":{"line":642,"column":56}},"type":"binary-expr","locations":[{"start":{"line":642,"column":24},"end":{"line":642,"column":48}},{"start":{"line":642,"column":52},"end":{"line":642,"column":56}}],"line":642},"155":{"loc":{"start":{"line":643,"column":14},"end":{"line":643,"column":36}},"type":"binary-expr","locations":[{"start":{"line":643,"column":14},"end":{"line":643,"column":28}},{"start":{"line":643,"column":32},"end":{"line":643,"column":36}}],"line":643},"156":{"loc":{"start":{"line":644,"column":18},"end":{"line":644,"column":44}},"type":"binary-expr","locations":[{"start":{"line":644,"column":18},"end":{"line":644,"column":36}},{"start":{"line":644,"column":40},"end":{"line":644,"column":44}}],"line":644},"157":{"loc":{"start":{"line":645,"column":21},"end":{"line":645,"column":50}},"type":"binary-expr","locations":[{"start":{"line":645,"column":21},"end":{"line":645,"column":42}},{"start":{"line":645,"column":46},"end":{"line":645,"column":50}}],"line":645},"158":{"loc":{"start":{"line":646,"column":19},"end":{"line":646,"column":46}},"type":"binary-expr","locations":[{"start":{"line":646,"column":19},"end":{"line":646,"column":38}},{"start":{"line":646,"column":42},"end":{"line":646,"column":46}}],"line":646},"159":{"loc":{"start":{"line":647,"column":17},"end":{"line":647,"column":42}},"type":"binary-expr","locations":[{"start":{"line":647,"column":17},"end":{"line":647,"column":34}},{"start":{"line":647,"column":38},"end":{"line":647,"column":42}}],"line":647},"160":{"loc":{"start":{"line":648,"column":22},"end":{"line":648,"column":52}},"type":"binary-expr","locations":[{"start":{"line":648,"column":22},"end":{"line":648,"column":44}},{"start":{"line":648,"column":48},"end":{"line":648,"column":52}}],"line":648},"161":{"loc":{"start":{"line":649,"column":27},"end":{"line":649,"column":62}},"type":"binary-expr","locations":[{"start":{"line":649,"column":27},"end":{"line":649,"column":54}},{"start":{"line":649,"column":58},"end":{"line":649,"column":62}}],"line":649},"162":{"loc":{"start":{"line":650,"column":24},"end":{"line":650,"column":56}},"type":"binary-expr","locations":[{"start":{"line":650,"column":24},"end":{"line":650,"column":48}},{"start":{"line":650,"column":52},"end":{"line":650,"column":56}}],"line":650},"163":{"loc":{"start":{"line":651,"column":26},"end":{"line":651,"column":60}},"type":"binary-expr","locations":[{"start":{"line":651,"column":26},"end":{"line":651,"column":52}},{"start":{"line":651,"column":56},"end":{"line":651,"column":60}}],"line":651},"164":{"loc":{"start":{"line":652,"column":22},"end":{"line":652,"column":52}},"type":"binary-expr","locations":[{"start":{"line":652,"column":22},"end":{"line":652,"column":44}},{"start":{"line":652,"column":48},"end":{"line":652,"column":52}}],"line":652},"165":{"loc":{"start":{"line":653,"column":22},"end":{"line":653,"column":49}},"type":"binary-expr","locations":[{"start":{"line":653,"column":22},"end":{"line":653,"column":44}},{"start":{"line":653,"column":48},"end":{"line":653,"column":49}}],"line":653},"166":{"loc":{"start":{"line":654,"column":21},"end":{"line":654,"column":47}},"type":"binary-expr","locations":[{"start":{"line":654,"column":21},"end":{"line":654,"column":42}},{"start":{"line":654,"column":46},"end":{"line":654,"column":47}}],"line":654},"167":{"loc":{"start":{"line":669,"column":23},"end":{"line":669,"column":42}},"type":"binary-expr","locations":[{"start":{"line":669,"column":23},"end":{"line":669,"column":36}},{"start":{"line":669,"column":40},"end":{"line":669,"column":42}}],"line":669},"168":{"loc":{"start":{"line":670,"column":26},"end":{"line":670,"column":48}},"type":"binary-expr","locations":[{"start":{"line":670,"column":26},"end":{"line":670,"column":42}},{"start":{"line":670,"column":46},"end":{"line":670,"column":48}}],"line":670},"169":{"loc":{"start":{"line":674,"column":2},"end":{"line":676,"column":3}},"type":"if","locations":[{"start":{"line":674,"column":2},"end":{"line":676,"column":3}},{"start":{},"end":{}}],"line":674},"170":{"loc":{"start":{"line":679,"column":2},"end":{"line":681,"column":3}},"type":"if","locations":[{"start":{"line":679,"column":2},"end":{"line":681,"column":3}},{"start":{},"end":{}}],"line":679},"171":{"loc":{"start":{"line":679,"column":6},"end":{"line":679,"column":48}},"type":"binary-expr","locations":[{"start":{"line":679,"column":6},"end":{"line":679,"column":22}},{"start":{"line":679,"column":26},"end":{"line":679,"column":48}}],"line":679},"172":{"loc":{"start":{"line":689,"column":2},"end":{"line":693,"column":3}},"type":"if","locations":[{"start":{"line":689,"column":2},"end":{"line":693,"column":3}},{"start":{},"end":{}}],"line":689},"173":{"loc":{"start":{"line":689,"column":6},"end":{"line":689,"column":42}},"type":"binary-expr","locations":[{"start":{"line":689,"column":6},"end":{"line":689,"column":11}},{"start":{"line":689,"column":15},"end":{"line":689,"column":28}},{"start":{"line":689,"column":32},"end":{"line":689,"column":42}}],"line":689},"174":{"loc":{"start":{"line":691,"column":15},"end":{"line":691,"column":54}},"type":"binary-expr","locations":[{"start":{"line":691,"column":15},"end":{"line":691,"column":29}},{"start":{"line":691,"column":33},"end":{"line":691,"column":54}}],"line":691},"175":{"loc":{"start":{"line":701,"column":2},"end":{"line":705,"column":3}},"type":"if","locations":[{"start":{"line":701,"column":2},"end":{"line":705,"column":3}},{"start":{},"end":{}}],"line":701},"176":{"loc":{"start":{"line":701,"column":6},"end":{"line":701,"column":31}},"type":"binary-expr","locations":[{"start":{"line":701,"column":6},"end":{"line":701,"column":15}},{"start":{"line":701,"column":19},"end":{"line":701,"column":31}}],"line":701},"177":{"loc":{"start":{"line":710,"column":2},"end":{"line":762,"column":3}},"type":"if","locations":[{"start":{"line":710,"column":2},"end":{"line":762,"column":3}},{"start":{"line":728,"column":9},"end":{"line":762,"column":3}}],"line":710},"178":{"loc":{"start":{"line":718,"column":4},"end":{"line":720,"column":5}},"type":"if","locations":[{"start":{"line":718,"column":4},"end":{"line":720,"column":5}},{"start":{},"end":{}}],"line":718},"179":{"loc":{"start":{"line":726,"column":29},"end":{"line":726,"column":59}},"type":"binary-expr","locations":[{"start":{"line":726,"column":29},"end":{"line":726,"column":51}},{"start":{"line":726,"column":55},"end":{"line":726,"column":59}}],"line":726},"180":{"loc":{"start":{"line":728,"column":9},"end":{"line":762,"column":3}},"type":"if","locations":[{"start":{"line":728,"column":9},"end":{"line":762,"column":3}},{"start":{},"end":{}}],"line":728},"181":{"loc":{"start":{"line":736,"column":4},"end":{"line":738,"column":5}},"type":"if","locations":[{"start":{"line":736,"column":4},"end":{"line":738,"column":5}},{"start":{},"end":{}}],"line":736},"182":{"loc":{"start":{"line":746,"column":21},"end":{"line":746,"column":50}},"type":"binary-expr","locations":[{"start":{"line":746,"column":21},"end":{"line":746,"column":42}},{"start":{"line":746,"column":46},"end":{"line":746,"column":50}}],"line":746},"183":{"loc":{"start":{"line":747,"column":11},"end":{"line":747,"column":30}},"type":"binary-expr","locations":[{"start":{"line":747,"column":11},"end":{"line":747,"column":22}},{"start":{"line":747,"column":26},"end":{"line":747,"column":30}}],"line":747},"184":{"loc":{"start":{"line":748,"column":24},"end":{"line":748,"column":56}},"type":"binary-expr","locations":[{"start":{"line":748,"column":24},"end":{"line":748,"column":48}},{"start":{"line":748,"column":52},"end":{"line":748,"column":56}}],"line":748},"185":{"loc":{"start":{"line":749,"column":14},"end":{"line":749,"column":36}},"type":"binary-expr","locations":[{"start":{"line":749,"column":14},"end":{"line":749,"column":28}},{"start":{"line":749,"column":32},"end":{"line":749,"column":36}}],"line":749},"186":{"loc":{"start":{"line":750,"column":18},"end":{"line":750,"column":44}},"type":"binary-expr","locations":[{"start":{"line":750,"column":18},"end":{"line":750,"column":36}},{"start":{"line":750,"column":40},"end":{"line":750,"column":44}}],"line":750},"187":{"loc":{"start":{"line":751,"column":21},"end":{"line":751,"column":50}},"type":"binary-expr","locations":[{"start":{"line":751,"column":21},"end":{"line":751,"column":42}},{"start":{"line":751,"column":46},"end":{"line":751,"column":50}}],"line":751},"188":{"loc":{"start":{"line":752,"column":19},"end":{"line":752,"column":46}},"type":"binary-expr","locations":[{"start":{"line":752,"column":19},"end":{"line":752,"column":38}},{"start":{"line":752,"column":42},"end":{"line":752,"column":46}}],"line":752},"189":{"loc":{"start":{"line":753,"column":17},"end":{"line":753,"column":42}},"type":"binary-expr","locations":[{"start":{"line":753,"column":17},"end":{"line":753,"column":34}},{"start":{"line":753,"column":38},"end":{"line":753,"column":42}}],"line":753},"190":{"loc":{"start":{"line":754,"column":22},"end":{"line":754,"column":52}},"type":"binary-expr","locations":[{"start":{"line":754,"column":22},"end":{"line":754,"column":44}},{"start":{"line":754,"column":48},"end":{"line":754,"column":52}}],"line":754},"191":{"loc":{"start":{"line":755,"column":27},"end":{"line":755,"column":62}},"type":"binary-expr","locations":[{"start":{"line":755,"column":27},"end":{"line":755,"column":54}},{"start":{"line":755,"column":58},"end":{"line":755,"column":62}}],"line":755},"192":{"loc":{"start":{"line":756,"column":24},"end":{"line":756,"column":56}},"type":"binary-expr","locations":[{"start":{"line":756,"column":24},"end":{"line":756,"column":48}},{"start":{"line":756,"column":52},"end":{"line":756,"column":56}}],"line":756},"193":{"loc":{"start":{"line":757,"column":26},"end":{"line":757,"column":60}},"type":"binary-expr","locations":[{"start":{"line":757,"column":26},"end":{"line":757,"column":52}},{"start":{"line":757,"column":56},"end":{"line":757,"column":60}}],"line":757},"194":{"loc":{"start":{"line":758,"column":22},"end":{"line":758,"column":52}},"type":"binary-expr","locations":[{"start":{"line":758,"column":22},"end":{"line":758,"column":44}},{"start":{"line":758,"column":48},"end":{"line":758,"column":52}}],"line":758},"195":{"loc":{"start":{"line":759,"column":22},"end":{"line":759,"column":49}},"type":"binary-expr","locations":[{"start":{"line":759,"column":22},"end":{"line":759,"column":44}},{"start":{"line":759,"column":48},"end":{"line":759,"column":49}}],"line":759},"196":{"loc":{"start":{"line":760,"column":21},"end":{"line":760,"column":47}},"type":"binary-expr","locations":[{"start":{"line":760,"column":21},"end":{"line":760,"column":42}},{"start":{"line":760,"column":46},"end":{"line":760,"column":47}}],"line":760},"197":{"loc":{"start":{"line":782,"column":2},"end":{"line":786,"column":3}},"type":"if","locations":[{"start":{"line":782,"column":2},"end":{"line":786,"column":3}},{"start":{},"end":{}}],"line":782},"198":{"loc":{"start":{"line":782,"column":6},"end":{"line":782,"column":20}},"type":"binary-expr","locations":[{"start":{"line":782,"column":6},"end":{"line":782,"column":11}},{"start":{"line":782,"column":15},"end":{"line":782,"column":20}}],"line":782},"199":{"loc":{"start":{"line":791,"column":2},"end":{"line":843,"column":3}},"type":"if","locations":[{"start":{"line":791,"column":2},"end":{"line":843,"column":3}},{"start":{"line":809,"column":9},"end":{"line":843,"column":3}}],"line":791},"200":{"loc":{"start":{"line":799,"column":4},"end":{"line":801,"column":5}},"type":"if","locations":[{"start":{"line":799,"column":4},"end":{"line":801,"column":5}},{"start":{},"end":{}}],"line":799},"201":{"loc":{"start":{"line":807,"column":29},"end":{"line":807,"column":59}},"type":"binary-expr","locations":[{"start":{"line":807,"column":29},"end":{"line":807,"column":51}},{"start":{"line":807,"column":55},"end":{"line":807,"column":59}}],"line":807},"202":{"loc":{"start":{"line":809,"column":9},"end":{"line":843,"column":3}},"type":"if","locations":[{"start":{"line":809,"column":9},"end":{"line":843,"column":3}},{"start":{},"end":{}}],"line":809},"203":{"loc":{"start":{"line":817,"column":4},"end":{"line":819,"column":5}},"type":"if","locations":[{"start":{"line":817,"column":4},"end":{"line":819,"column":5}},{"start":{},"end":{}}],"line":817},"204":{"loc":{"start":{"line":827,"column":21},"end":{"line":827,"column":50}},"type":"binary-expr","locations":[{"start":{"line":827,"column":21},"end":{"line":827,"column":42}},{"start":{"line":827,"column":46},"end":{"line":827,"column":50}}],"line":827},"205":{"loc":{"start":{"line":828,"column":11},"end":{"line":828,"column":30}},"type":"binary-expr","locations":[{"start":{"line":828,"column":11},"end":{"line":828,"column":22}},{"start":{"line":828,"column":26},"end":{"line":828,"column":30}}],"line":828},"206":{"loc":{"start":{"line":829,"column":24},"end":{"line":829,"column":56}},"type":"binary-expr","locations":[{"start":{"line":829,"column":24},"end":{"line":829,"column":48}},{"start":{"line":829,"column":52},"end":{"line":829,"column":56}}],"line":829},"207":{"loc":{"start":{"line":830,"column":14},"end":{"line":830,"column":36}},"type":"binary-expr","locations":[{"start":{"line":830,"column":14},"end":{"line":830,"column":28}},{"start":{"line":830,"column":32},"end":{"line":830,"column":36}}],"line":830},"208":{"loc":{"start":{"line":831,"column":18},"end":{"line":831,"column":44}},"type":"binary-expr","locations":[{"start":{"line":831,"column":18},"end":{"line":831,"column":36}},{"start":{"line":831,"column":40},"end":{"line":831,"column":44}}],"line":831},"209":{"loc":{"start":{"line":832,"column":21},"end":{"line":832,"column":50}},"type":"binary-expr","locations":[{"start":{"line":832,"column":21},"end":{"line":832,"column":42}},{"start":{"line":832,"column":46},"end":{"line":832,"column":50}}],"line":832},"210":{"loc":{"start":{"line":833,"column":19},"end":{"line":833,"column":46}},"type":"binary-expr","locations":[{"start":{"line":833,"column":19},"end":{"line":833,"column":38}},{"start":{"line":833,"column":42},"end":{"line":833,"column":46}}],"line":833},"211":{"loc":{"start":{"line":834,"column":17},"end":{"line":834,"column":42}},"type":"binary-expr","locations":[{"start":{"line":834,"column":17},"end":{"line":834,"column":34}},{"start":{"line":834,"column":38},"end":{"line":834,"column":42}}],"line":834},"212":{"loc":{"start":{"line":835,"column":22},"end":{"line":835,"column":52}},"type":"binary-expr","locations":[{"start":{"line":835,"column":22},"end":{"line":835,"column":44}},{"start":{"line":835,"column":48},"end":{"line":835,"column":52}}],"line":835},"213":{"loc":{"start":{"line":836,"column":27},"end":{"line":836,"column":62}},"type":"binary-expr","locations":[{"start":{"line":836,"column":27},"end":{"line":836,"column":54}},{"start":{"line":836,"column":58},"end":{"line":836,"column":62}}],"line":836},"214":{"loc":{"start":{"line":837,"column":24},"end":{"line":837,"column":56}},"type":"binary-expr","locations":[{"start":{"line":837,"column":24},"end":{"line":837,"column":48}},{"start":{"line"
[...]
c":{"start":{"line":302,"column":8},"end":{"line":311,"column":9}},"type":"if","locations":[{"start":{"line":302,"column":8},"end":{"line":311,"column":9}},{"start":{},"end":{}}],"line":302},"22":{"loc":{"start":{"line":313,"column":8},"end":{"line":316,"column":9}},"type":"if","locations":[{"start":{"line":313,"column":8},"end":{"line":316,"column":9}},{"start":{},"end":{}}],"line":313},"23":{"loc":{"start":{"line":318,"column":8},"end":{"line":321,"column":9}},"type":"if","locations":[{"start":{"line":318,"column":8},"end":{"line":321,"column":9}},{"start":{},"end":{}}],"line":318},"24":{"loc":{"start":{"line":334,"column":8},"end":{"line":337,"column":9}},"type":"if","locations":[{"start":{"line":334,"column":8},"end":{"line":337,"column":9}},{"start":{},"end":{}}],"line":334},"25":{"loc":{"start":{"line":354,"column":8},"end":{"line":357,"column":9}},"type":"if","locations":[{"start":{"line":354,"column":8},"end":{"line":357,"column":9}},{"start":{},"end":{}}],"line":354},"26":{"loc":{"start":{"line":368,"column":8},"end":{"line":377,"column":9}},"type":"if","locations":[{"start":{"line":368,"column":8},"end":{"line":377,"column":9}},{"start":{},"end":{}}],"line":368},"27":{"loc":{"start":{"line":392,"column":8},"end":{"line":394,"column":9}},"type":"if","locations":[{"start":{"line":392,"column":8},"end":{"line":394,"column":9}},{"start":{},"end":{}}],"line":392},"28":{"loc":{"start":{"line":402,"column":8},"end":{"line":404,"column":9}},"type":"if","locations":[{"start":{"line":402,"column":8},"end":{"line":404,"column":9}},{"start":{},"end":{}}],"line":402},"29":{"loc":{"start":{"line":402,"column":12},"end":{"line":402,"column":39}},"type":"binary-expr","locations":[{"start":{"line":402,"column":12},"end":{"line":402,"column":22}},{"start":{"line":402,"column":26},"end":{"line":402,"column":39}}],"line":402},"30":{"loc":{"start":{"line":407,"column":8},"end":{"line":424,"column":9}},"type":"if","locations":[{"start":{"line":407,"column":8},"end":{"line":424,"column":9}},{"start":{},"end":{}}],"line":407},"31":{"loc":{"start":{"line":407,"column":12},"end":{"line":407,"column":73}},"type":"binary-expr","locations":[{"start":{"line":407,"column":12},"end":{"line":407,"column":34}},{"start":{"line":407,"column":38},"end":{"line":407,"column":73}}],"line":407},"32":{"loc":{"start":{"line":408,"column":12},"end":{"line":423,"column":13}},"type":"if","locations":[{"start":{"line":408,"column":12},"end":{"line":423,"column":13}},{"start":{},"end":{}}],"line":408},"33":{"loc":{"start":{"line":427,"column":8},"end":{"line":429,"column":9}},"type":"if","locations":[{"start":{"line":427,"column":8},"end":{"line":429,"column":9}},{"start":{},"end":{}}],"line":427},"34":{"loc":{"start":{"line":427,"column":12},"end":{"line":427,"column":71}},"type":"binary-expr","locations":[{"start":{"line":427,"column":12},"end":{"line":427,"column":34}},{"start":{"line":427,"column":38},"end":{"line":427,"column":71}}],"line":427},"35":{"loc":{"start":{"line":438,"column":8},"end":{"line":438,"column":93}},"type":"if","locations":[{"start":{"line":438,"column":8},"end":{"line":438,"column":93}},{"start":{},"end":{}}],"line":438},"36":{"loc":{"start":{"line":449,"column":8},"end":{"line":451,"column":9}},"type":"if","locations":[{"start":{"line":449,"column":8},"end":{"line":451,"column":9}},{"start":{},"end":{}}],"line":449},"37":{"loc":{"start":{"line":460,"column":8},"end":{"line":460,"column":83}},"type":"if","locations":[{"start":{"line":460,"column":8},"end":{"line":460,"column":83}},{"start":{},"end":{}}],"line":460},"38":{"loc":{"start":{"line":486,"column":8},"end":{"line":488,"column":9}},"type":"if","locations":[{"start":{"line":486,"column":8},"end":{"line":488,"column":9}},{"start":{},"end":{}}],"line":486},"39":{"loc":{"start":{"line":490,"column":8},"end":{"line":492,"column":9}},"type":"if","locations":[{"start":{"line":490,"column":8},"end":{"line":492,"column":9}},{"start":{},"end":{}}],"line":490},"40":{"loc":{"start":{"line":495,"column":8},"end":{"line":500,"column":9}},"type":"if","locations":[{"start":{"line":495,"column":8},"end":{"line":500,"column":9}},{"start":{},"end":{}}],"line":495},"41":{"loc":{"start":{"line":507,"column":8},"end":{"line":507,"column":86}},"type":"if","locations":[{"start":{"line":507,"column":8},"end":{"line":507,"column":86}},{"start":{},"end":{}}],"line":507}},"s":{"0":0,"1":0,"2":0,"3":0,"4":0,"5":0,"6":0,"7":0,"8":0,"9":0,"10":0,"11":0,"12":0,"13":0,"14":0,"15":0,"16":0,"17":0,"18":0,"19":0,"20":0,"21":0,"22":0,"23":0,"24":0,"25":0,"26":0,"27":0,"28":0,"29":0,"30":0,"31":0,"32":0,"33":0,"34":0,"35":0,"36":0,"37":0,"38":0,"39":0,"40":0,"41":0,"42":0,"43":0,"44":0,"45":0,"46":0,"47":0,"48":0,"49":0,"50":0,"51":0,"52":0,"53":0,"54":0,"55":0,"56":0,"57":0,"58":0,"59":0,"60":0,"61":0,"62":0,"63":0,"64":0,"65":0,"66":0,"67":0,"68":0,"69":0,"70":0,"71":0,"72":0,"73":0,"74":0,"75":0,"76":0,"77":0,"78":0,"79":0,"80":0,"81":0,"82":0,"83":0,"84":0,"85":0,"86":0,"87":0,"88":0,"89":0,"90":0,"91":0,"92":0,"93":0,"94":0,"95":0,"96":0,"97":0,"98":0,"99":0,"100":0,"101":0,"102":0,"103":0,"104":0,"105":0,"106":0,"107":0,"108":0,"109":0,"110":0,"111":0,"112":0,"113":0,"114":0,"115":0,"116":0,"117":0,"118":0,"119":0,"120":0,"121":0,"122":0,"123":0,"124":0,"125":0},"f":{"0":0,"1":0,"2":0,"3":0,"4":0,"5":0,"6":0,"7":0,"8":0,"9":0,"10":0,"11":0,"12":0,"13":0,"14":0,"15":0},"b":{"0":[0,0],"1":[0,0],"2":[0,0],"3":[0,0],"4":[0,0],"5":[0,0],"6":[0,0],"7":[0,0],"8":[0,0],"9":[0,0],"10":[0,0],"11":[0,0],"12":[0,0],"13":[0,0],"14":[0,0],"15":[0,0,0,0,0],"16":[0,0],"17":[0,0],"18":[0,0],"19":[0,0],"20":[0,0],"21":[0,0],"22":[0,0],"23":[0,0],"24":[0,0],"25":[0,0],"26":[0,0],"27":[0,0],"28":[0,0],"29":[0,0],"30":[0,0],"31":[0,0],"32":[0,0],"33":[0,0],"34":[0,0],"35":[0,0],"36":[0,0],"37":[0,0],"38":[0,0],"39":[0,0],"40":[0,0],"41":[0,0]},"inputSourceMap":null}
,"C:\\Users\\ASUS\\Desktop\\flutter_projects\\afia-plus-clean\\backend\\services\\doctor_availability.service.js": {"path":"C:\\Users\\ASUS\\Desktop\\flutter_projects\\afia-plus-clean\\backend\\services\\doctor_availability.service.js","statementMap":{"0":{"start":{"line":15,"column":32},"end":{"line":21,"column":53}},"1":{"start":{"line":23,"column":8},"end":{"line":23,"column":90}},"2":{"start":{"line":23,"column":19},"end":{"line":23,"column":90}},"3":{"start":{"line":24,"column":8},"end":{"line":24,"column":26}},"4":{"start":{"line":35,"column":32},"end":{"line":43,"column":53}},"5":{"start":{"line":45,"column":8},"end":{"line":45,"column":97}},"6":{"start":{"line":45,"column":19},"end":{"line":45,"column":97}},"7":{"start":{"line":46,"column":8},"end":{"line":46,"column":26}},"8":{"start":{"line":58,"column":8},"end":{"line":60,"column":9}},"9":{"start":{"line":59,"column":12},"end":{"line":59,"column":91}},"10":{"start":{"line":63,"column":53},"end":{"line":67,"column":21}},"11":{"start":{"line":69,"column":8},"end":{"line":71,"column":9}},"12":{"start":{"line":70,"column":12},"end":{"line":70,"column":48}},"13":{"start":{"line":74,"column":39},"end":{"line":80,"column":21}},"14":{"start":{"line":82,"column":8},"end":{"line":84,"column":9}},"15":{"start":{"line":83,"column":12},"end":{"line":83,"column":74}},"16":{"start":{"line":87,"column":32},"end":{"line":96,"column":21}},"17":{"start":{"line":98,"column":8},"end":{"line":98,"column":91}},"18":{"start":{"line":98,"column":19},"end":{"line":98,"column":91}},"19":{"start":{"line":99,"column":8},"end":{"line":99,"column":20}},"20":{"start":{"line":109,"column":8},"end":{"line":111,"column":9}},"21":{"start":{"line":110,"column":12},"end":{"line":110,"column":74}},"22":{"start":{"line":113,"column":32},"end":{"line":118,"column":21}},"23":{"start":{"line":120,"column":8},"end":{"line":120,"column":93}},"24":{"start":{"line":120,"column":19},"end":{"line":120,"column":93}},"25":{"start":{"line":121,"column":8},"end":{"line":121,"column":20}},"26":{"start":{"line":131,"column":31},"end":{"line":135,"column":21}},"27":{"start":{"line":137,"column":8},"end":{"line":139,"column":9}},"28":{"start":{"line":138,"column":12},"end":{"line":138,"column":59}},"29":{"start":{"line":141,"column":26},"end":{"line":144,"column":50}},"30":{"start":{"line":146,"column":8},"end":{"line":146,"column":91}},"31":{"start":{"line":146,"column":19},"end":{"line":146,"column":91}},"32":{"start":{"line":156,"column":32},"end":{"line":162,"column":53}},"33":{"start":{"line":164,"column":8},"end":{"line":164,"column":81}},"34":{"start":{"line":164,"column":19},"end":{"line":164,"column":81}},"35":{"start":{"line":165,"column":8},"end":{"line":165,"column":26}},"36":{"start":{"line":175,"column":8},"end":{"line":177,"column":9}},"37":{"start":{"line":176,"column":12},"end":{"line":176,"column":63}},"38":{"start":{"line":179,"column":30},"end":{"line":184,"column":11}},"39":{"start":{"line":179,"column":49},"end":{"line":184,"column":9}},"40":{"start":{"line":186,"column":32},"end":{"line":189,"column":21}},"41":{"start":{"line":191,"column":8},"end":{"line":191,"column":84}},"42":{"start":{"line":191,"column":19},"end":{"line":191,"column":84}},"43":{"start":{"line":192,"column":8},"end":{"line":192,"column":26}}},"fnMap":{"0":{"name":"(anonymous_0)","decl":{"start":{"line":14,"column":4},"end":{"line":14,"column":5}},"loc":{"start":{"line":14,"column":49},"end":{"line":25,"column":5}},"line":14},"1":{"name":"(anonymous_1)","decl":{"start":{"line":34,"column":4},"end":{"line":34,"column":5}},"loc":{"start":{"line":34,"column":80},"end":{"line":47,"column":5}},"line":34},"2":{"name":"(anonymous_2)","decl":{"start":{"line":56,"column":4},"end":{"line":56,"column":5}},"loc":{"start":{"line":56,"column":76},"end":{"line":100,"column":5}},"line":56},"3":{"name":"(anonymous_3)","decl":{"start":{"line":108,"column":4},"end":{"line":108,"column":5}},"loc":{"start":{"line":108,"column":66},"end":{"line":122,"column":5}},"line":108},"4":{"name":"(anonymous_4)","decl":{"start":{"line":129,"column":4},"end":{"line":129,"column":5}},"loc":{"start":{"line":129,"column":56},"end":{"line":147,"column":5}},"line":129},"5":{"name":"(anonymous_5)","decl":{"start":{"line":155,"column":4},"end":{"line":155,"column":5}},"loc":{"start":{"line":155,"column":46},"end":{"line":166,"column":5}},"line":155},"6":{"name":"(anonymous_6)","decl":{"start":{"line":174,"column":4},"end":{"line":174,"column":5}},"loc":{"start":{"line":174,"column":50},"end":{"line":193,"column":5}},"line":174},"7":{"name":"(anonymous_7)","decl":{"start":{"line":179,"column":40},"end":{"line":179,"column":41}},"loc":{"start":{"line":179,"column":49},"end":{"line":184,"column":9}},"line":179}},"branchMap":{"0":{"loc":{"start":{"line":23,"column":8},"end":{"line":23,"column":90}},"type":"if","locations":[{"start":{"line":23,"column":8},"end":{"line":23,"column":90}},{"start":{},"end":{}}],"line":23},"1":{"loc":{"start":{"line":24,"column":15},"end":{"line":24,"column":25}},"type":"binary-expr","locations":[{"start":{"line":24,"column":15},"end":{"line":24,"column":19}},{"start":{"line":24,"column":23},"end":{"line":24,"column":25}}],"line":24},"2":{"loc":{"start":{"line":45,"column":8},"end":{"line":45,"column":97}},"type":"if","locations":[{"start":{"line":45,"column":8},"end":{"line":45,"column":97}},{"start":{},"end":{}}],"line":45},"3":{"loc":{"start":{"line":46,"column":15},"end":{"line":46,"column":25}},"type":"binary-expr","locations":[{"start":{"line":46,"column":15},"end":{"line":46,"column":19}},{"start":{"line":46,"column":23},"end":{"line":46,"column":25}}],"line":46},"4":{"loc":{"start":{"line":58,"column":8},"end":{"line":60,"column":9}},"type":"if","locations":[{"start":{"line":58,"column":8},"end":{"line":60,"column":9}},{"start":{},"end":{}}],"line":58},"5":{"loc":{"start":{"line":58,"column":12},"end":{"line":58,"column":53}},"type":"binary-expr","locations":[{"start":{"line":58,"column":12},"end":{"line":58,"column":21}},{"start":{"line":58,"column":25},"end":{"line":58,"column":39}},{"start":{"line":58,"column":43},"end":{"line":58,"column":53}}],"line":58},"6":{"loc":{"start":{"line":69,"column":8},"end":{"line":71,"column":9}},"type":"if","locations":[{"start":{"line":69,"column":8},"end":{"line":71,"column":9}},{"start":{},"end":{}}],"line":69},"7":{"loc":{"start":{"line":69,"column":12},"end":{"line":69,"column":34}},"type":"binary-expr","locations":[{"start":{"line":69,"column":12},"end":{"line":69,"column":23}},{"start":{"line":69,"column":27},"end":{"line":69,"column":34}}],"line":69},"8":{"loc":{"start":{"line":82,"column":8},"end":{"line":84,"column":9}},"type":"if","locations":[{"start":{"line":82,"column":8},"end":{"line":84,"column":9}},{"start":{},"end":{}}],"line":82},"9":{"loc":{"start":{"line":98,"column":8},"end":{"line":98,"column":91}},"type":"if","locations":[{"start":{"line":98,"column":8},"end":{"line":98,"column":91}},{"start":{},"end":{}}],"line":98},"10":{"loc":{"start":{"line":109,"column":8},"end":{"line":111,"column":9}},"type":"if","locations":[{"start":{"line":109,"column":8},"end":{"line":111,"column":9}},{"start":{},"end":{}}],"line":109},"11":{"loc":{"start":{"line":120,"column":8},"end":{"line":120,"column":93}},"type":"if","locations":[{"start":{"line":120,"column":8},"end":{"line":120,"column":93}},{"start":{},"end":{}}],"line":120},"12":{"loc":{"start":{"line":137,"column":8},"end":{"line":139,"column":9}},"type":"if","locations":[{"start":{"line":137,"column":8},"end":{"line":139,"column":9}},{"start":{},"end":{}}],"line":137},"13":{"loc":{"start":{"line":146,"column":8},"end":{"line":146,"column":91}},"type":"if","locations":[{"start":{"line":146,"column":8},"end":{"line":146,"column":91}},{"start":{},"end":{}}],"line":146},"14":{"loc":{"start":{"line":164,"column":8},"end":{"line":164,"column":81}},"type":"if","locations":[{"start":{"line":164,"column":8},"end":{"line":164,"column":81}},{"start":{},"end":{}}],"line":164},"15":{"loc":{"start":{"line":165,"column":15},"end":{"line":165,"column":25}},"type":"binary-expr","locations":[{"start":{"line":165,"column":15},"end":{"line":165,"column":19}},{"start":{"line":165,"column":23},"end":{"line":165,"column":25}}],"line":165},"16":{"loc":{"start":{"line":175,"column":8},"end":{"line":177,"column":9}},"type":"if","locations":[{"start":{"line":175,"column":8},"end":{"line":177,"column":9}},{"start":{},"end":{}}],"line":175},"17":{"loc":{"start":{"line":175,"column":12},"end":{"line":175,"column":55}},"type":"binary-expr","locations":[{"start":{"line":175,"column":12},"end":{"line":175,"column":33}},{"start":{"line":175,"column":37},"end":{"line":175,"column":55}}],"line":175},"18":{"loc":{"start":{"line":191,"column":8},"end":{"line":191,"column":84}},"type":"if","locations":[{"start":{"line":191,"column":8},"end":{"line":191,"column":84}},{"start":{},"end":{}}],"line":191},"19":{"loc":{"start":{"line":192,"column":15},"end":{"line":192,"column":25}},"type":"binary-expr","locations":[{"start":{"line":192,"column":15},"end":{"line":192,"column":19}},{"start":{"line":192,"column":23},"end":{"line":192,"column":25}}],"line":192}},"s":{"0":0,"1":0,"2":0,"3":0,"4":0,"5":0,"6":0,"7":0,"8":0,"9":0,"10":0,"11":0,"12":0,"13":0,"14":0,"15":0,"16":0,"17":0,"18":0,"19":0,"20":0,"21":0,"22":0,"23":0,"24":0,"25":0,"26":0,"27":0,"28":0,"29":0,"30":0,"31":0,"32":0,"33":0,"34":0,"35":0,"36":0,"37":0,"38":0,"39":0,"40":0,"41":0,"42":0,"43":0},"f":{"0":0,"1":0,"2":0,"3":0,"4":0,"5":0,"6":0,"7":0},"b":{"0":[0,0],"1":[0,0],"2":[0,0],"3":[0,0],"4":[0,0],"5":[0,0,0],"6":[0,0],"7":[0,0],"8":[0,0],"9":[0,0],"10":[0,0],"11":[0,0],"12":[0,0],"13":[0,0],"14":[0,0],"15":[0,0],"16":[0,0],"17":[0,0],"18":[0,0],"19":[0,0]},"inputSourceMap":null}
,"C:\\Users\\ASUS\\Desktop\\flutter_projects\\afia-plus-clean\\backend\\utils\\logger.js": {"path":"C:\\Users\\ASUS\\Desktop\\flutter_projects\\afia-plus-clean\\backend\\utils\\logger.js","statementMap":{"0":{"start":{"line":6,"column":22},"end":{"line":6,"column":60}},"1":{"start":{"line":8,"column":22},"end":{"line":31,"column":1}},"2":{"start":{"line":10,"column":8},"end":{"line":12,"column":9}},"3":{"start":{"line":11,"column":12},"end":{"line":11,"column":33}},"4":{"start":{"line":17,"column":8},"end":{"line":17,"column":31}},"5":{"start":{"line":21,"column":8},"end":{"line":23,"column":9}},"6":{"start":{"line":22,"column":12},"end":{"line":22,"column":34}},"7":{"start":{"line":27,"column":8},"end":{"line":29,"column":9}},"8":{"start":{"line":28,"column":12},"end":{"line":28,"column":34}}},"fnMap":{"0":{"name":"(anonymous_0)","decl":{"start":{"line":9,"column":9},"end":{"line":9,"column":10}},"loc":{"start":{"line":9,"column":22},"end":{"line":13,"column":5}},"line":9},"1":{"name":"(anonymous_1)","decl":{"start":{"line":15,"column":11},"end":{"line":15,"column":12}},"loc":{"start":{"line":15,"column":24},"end":{"line":18,"column":5}},"line":15},"2":{"name":"(anonymous_2)","decl":{"start":{"line":20,"column":10},"end":{"line":20,"column":11}},"loc":{"start":{"line":20,"column":23},"end":{"line":24,"column":5}},"line":20},"3":{"name":"(anonymous_3)","decl":{"start":{"line":26,"column":10},"end":{"line":26,"column":11}},"loc":{"start":{"line":26,"column":23},"end":{"line":30,"column":5}},"line":26}},"branchMap":{"0":{"loc":{"start":{"line":10,"column":8},"end":{"line":12,"column":9}},"type":"if","locations":[{"start":{"line":10,"column":8},"end":{"line":12,"column":9}},{"start":{},"end":{}}],"line":10},"1":{"loc":{"start":{"line":21,"column":8},"end":{"line":23,"column":9}},"type":"if","locations":[{"start":{"line":21,"column":8},"end":{"line":23,"column":9}},{"start":{},"end":{}}],"line":21},"2":{"loc":{"start":{"line":27,"column":8},"end":{"line":29,"column":9}},"type":"if","locations":[{"start":{"line":27,"column":8},"end":{"line":29,"column":9}},{"start":{},"end":{}}],"line":27}},"s":{"0":0,"1":0,"2":0,"3":0,"4":0,"5":0,"6":0,"7":0,"8":0},"f":{"0":0,"1":0,"2":0,"3":0},"b":{"0":[0,0],"1":[0,0],"2":[0,0]},"inputSourceMap":null}
,"C:\\Users\\ASUS\\Desktop\\flutter_projects\\afia-plus-clean\\backend\\utils\\response.js": {"path":"C:\\Users\\ASUS\\Desktop\\flutter_projects\\afia-plus-clean\\backend\\utils\\response.js","statementMap":{"0":{"start":{"line":4,"column":28},"end":{"line":10,"column":1}},"1":{"start":{"line":5,"column":4},"end":{"line":9,"column":7}},"2":{"start":{"line":15,"column":25},"end":{"line":22,"column":1}},"3":{"start":{"line":16,"column":4},"end":{"line":16,"column":58}},"4":{"start":{"line":17,"column":4},"end":{"line":21,"column":7}}},"fnMap":{"0":{"name":"(anonymous_0)","decl":{"start":{"line":4,"column":28},"end":{"line":4,"column":29}},"loc":{"start":{"line":4,"column":67},"end":{"line":10,"column":1}},"line":4},"1":{"name":"(anonymous_1)","decl":{"start":{"line":15,"column":25},"end":{"line":15,"column":26}},"loc":{"start":{"line":15,"column":65},"end":{"line":22,"column":1}},"line":15}},"branchMap":{"0":{"loc":{"start":{"line":4,"column":51},"end":{"line":4,"column":62}},"type":"default-arg","locations":[{"start":{"line":4,"column":58},"end":{"line":4,"column":62}}],"line":4},"1":{"loc":{"start":{"line":8,"column":12},"end":{"line":8,"column":28}},"type":"binary-expr","locations":[{"start":{"line":8,"column":12},"end":{"line":8,"column":16}},{"start":{"line":8,"column":20},"end":{"line":8,"column":28}}],"line":8},"2":{"loc":{"start":{"line":15,"column":48},"end":{"line":15,"column":60}},"type":"default-arg","locations":[{"start":{"line":15,"column":56},"end":{"line":15,"column":60}}],"line":15},"3":{"loc":{"start":{"line":20,"column":12},"end":{"line":20,"column":87}},"type":"binary-expr","locations":[{"start":{"line":20,"column":12},"end":{"line":20,"column":17}},{"start":{"line":20,"column":21},"end":{"line":20,"column":59}},{"start":{"line":20,"column":63},"end":{"line":20,"column":87}}],"line":20}},"s":{"0":1,"1":18,"2":1,"3":17,"4":17},"f":{"0":18,"1":17},"b":{"0":[7],"1":[18,8],"2":[13],"3":[17,3,1]},"inputSourceMap":null,"_coverageSchema":"1a1c01bbd47fc00a2c39e90264f33305004495a9","hash":"deaa17d6eab5e1b663e563d66f9c0230508f7194"}
}
