TN:
SF:controllers\auth.controller.js
FN:5,validateEmail
FN:16,validatePassword
FN:33,validateName
FN:44,validatePhone
FN:55,validateNin
FN:67,getDaysInMonth
FN:72,isValidDate
FN:80,validateDob
FN:159,convertDobToISO
FN:233,validateDoctorFields
FN:303,signup
FN:665,login
FN:775,me
FN:852,logout
FN:856,uploadProfilePicture
FNF:15
FNH:0
FNDA:0,validateEmail
FNDA:0,validatePassword
FNDA:0,validateName
FNDA:0,validatePhone
FNDA:0,validateNin
FNDA:0,getDaysInMonth
FNDA:0,isValidDate
FNDA:0,validateDob
FNDA:0,convertDobToISO
FNDA:0,validateDoctorFields
FNDA:0,signup
FNDA:0,login
FNDA:0,me
FNDA:0,logout
FNDA:0,uploadProfilePicture
DA:6,0
DA:7,0
DA:9,0
DA:10,0
DA:11,0
DA:13,0
DA:17,0
DA:18,0
DA:20,0
DA:21,0
DA:22,0
DA:23,0
DA:24,0
DA:25,0
DA:27,0
DA:28,0
DA:30,0
DA:34,0
DA:35,0
DA:37,0
DA:38,0
DA:39,0
DA:41,0
DA:45,0
DA:46,0
DA:48,0
DA:49,0
DA:50,0
DA:52,0
DA:56,0
DA:57,0
DA:59,0
DA:60,0
DA:61,0
DA:63,0
DA:68,0
DA:73,0
DA:74,0
DA:75,0
DA:76,0
DA:77,0
DA:81,0
DA:82,0
DA:85,0
DA:88,0
DA:90,0
DA:91,0
DA:92,0
DA:95,0
DA:96,0
DA:97,0
DA:100,0
DA:101,0
DA:105,0
DA:106,0
DA:110,0
DA:111,0
DA:113,0
DA:115,0
DA:116,0
DA:117,0
DA:119,0
DA:120,0
DA:121,0
DA:123,0
DA:124,0
DA:127,0
DA:128,0
DA:131,0
DA:132,0
DA:135,0
DA:139,0
DA:140,0
DA:141,0
DA:142,0
DA:143,0
DA:146,0
DA:147,0
DA:150,0
DA:151,0
DA:154,0
DA:156,0
DA:160,0
DA:161,0
DA:164,0
DA:167,0
DA:169,0
DA:170,0
DA:171,0
DA:174,0
DA:175,0
DA:176,0
DA:179,0
DA:180,0
DA:184,0
DA:185,0
DA:189,0
DA:190,0
DA:195,0
DA:196,0
DA:197,0
DA:198,0
DA:199,0
DA:201,0
DA:202,0
DA:203,0
DA:204,0
DA:205,0
DA:208,0
DA:209,0
DA:213,0
DA:214,0
DA:217,0
DA:218,0
DA:222,0
DA:224,0
DA:226,0
DA:229,0
DA:234,0
DA:235,0
DA:237,0
DA:238,0
DA:241,0
DA:242,0
DA:244,0
DA:245,0
DA:248,0
DA:249,0
DA:251,0
DA:252,0
DA:255,0
DA:256,0
DA:258,0
DA:259,0
DA:262,0
DA:263,0
DA:266,0
DA:267,0
DA:270,0
DA:271,0
DA:274,0
DA:275,0
DA:277,0
DA:278,0
DA:279,0
DA:282,0
DA:283,0
DA:286,0
DA:287,0
DA:288,0
DA:289,0
DA:293,0
DA:294,0
DA:296,0
DA:297,0
DA:300,0
DA:327,0
DA:330,0
DA:331,0
DA:332,0
DA:333,0
DA:334,0
DA:335,0
DA:338,0
DA:339,0
DA:340,0
DA:344,0
DA:345,0
DA:346,0
DA:350,0
DA:351,0
DA:352,0
DA:356,0
DA:357,0
DA:358,0
DA:362,0
DA:363,0
DA:364,0
DA:368,0
DA:369,0
DA:370,0
DA:374,0
DA:376,0
DA:377,0
DA:383,0
DA:384,0
DA:385,0
DA:387,0
DA:388,0
DA:389,0
DA:394,0
DA:395,0
DA:401,0
DA:402,0
DA:416,0
DA:417,0
DA:418,0
DA:423,0
DA:429,0
DA:430,0
DA:434,0
DA:440,0
DA:441,0
DA:442,0
DA:450,0
DA:452,0
DA:455,0
DA:469,0
DA:470,0
DA:474,0
DA:475,0
DA:477,0
DA:478,0
DA:479,0
DA:483,0
DA:484,0
DA:487,0
DA:488,0
DA:489,0
DA:492,0
DA:493,0
DA:495,0
DA:497,0
DA:498,0
DA:499,0
DA:503,0
DA:504,0
DA:505,0
DA:506,0
DA:507,0
DA:508,0
DA:511,0
DA:512,0
DA:516,0
DA:521,0
DA:522,0
DA:523,0
DA:524,0
DA:525,0
DA:526,0
DA:527,0
DA:530,0
DA:531,0
DA:534,0
DA:535,0
DA:539,0
DA:543,0
DA:546,0
DA:552,0
DA:554,0
DA:560,0
DA:579,0
DA:581,0
DA:582,0
DA:586,0
DA:592,0
DA:594,0
DA:601,0
DA:605,0
DA:611,0
DA:613,0
DA:614,0
DA:620,0
DA:621,0
DA:625,0
DA:626,0
DA:627,0
DA:633,0
DA:634,0
DA:638,0
DA:658,0
DA:666,0
DA:669,0
DA:670,0
DA:673,0
DA:674,0
DA:675,0
DA:679,0
DA:680,0
DA:684,0
DA:689,0
DA:690,0
DA:695,0
DA:701,0
DA:702,0
DA:708,0
DA:710,0
DA:711,0
DA:712,0
DA:718,0
DA:719,0
DA:722,0
DA:723,0
DA:726,0
DA:727,0
DA:728,0
DA:729,0
DA:730,0
DA:736,0
DA:737,0
DA:740,0
DA:741,0
DA:744,0
DA:764,0
DA:765,0
DA:766,0
DA:768,0
DA:776,0
DA:782,0
DA:783,0
DA:789,0
DA:791,0
DA:792,0
DA:793,0
DA:799,0
DA:800,0
DA:803,0
DA:804,0
DA:807,0
DA:808,0
DA:809,0
DA:810,0
DA:811,0
DA:817,0
DA:818,0
DA:821,0
DA:822,0
DA:825,0
DA:845,0
DA:846,0
DA:847,0
DA:849,0
DA:853,0
DA:857,0
DA:858,0
DA:859,0
DA:861,0
DA:862,0
DA:863,0
DA:866,0
DA:867,0
DA:868,0
DA:872,0
DA:875,0
DA:881,0
DA:882,0
DA:886,0
DA:887,0
DA:888,0
DA:891,0
DA:894,0
DA:902,0
DA:904,0
DA:907,0
DA:914,0
DA:915,0
DA:916,0
DA:922,0
DA:926,0
DA:929,0
DA:934,0
DA:935,0
DA:937,0
DA:941,0
DA:946,0
DA:951,0
DA:953,0
DA:954,0
LF:368
LH:0
BRDA:6,0,0,0
BRDA:6,0,1,0
BRDA:6,1,0,0
BRDA:6,1,1,0
BRDA:10,2,0,0
BRDA:10,2,1,0
BRDA:17,3,0,0
BRDA:17,3,1,0
BRDA:17,4,0,0
BRDA:17,4,1,0
BRDA:27,5,0,0
BRDA:27,5,1,0
BRDA:27,6,0,0
BRDA:27,6,1,0
BRDA:27,6,2,0
BRDA:27,6,3,0
BRDA:27,6,4,0
BRDA:34,7,0,0
BRDA:34,7,1,0
BRDA:34,8,0,0
BRDA:34,8,1,0
BRDA:38,9,0,0
BRDA:38,9,1,0
BRDA:45,10,0,0
BRDA:45,10,1,0
BRDA:45,11,0,0
BRDA:45,11,1,0
BRDA:49,12,0,0
BRDA:49,12,1,0
BRDA:56,13,0,0
BRDA:56,13,1,0
BRDA:56,14,0,0
BRDA:56,14,1,0
BRDA:60,15,0,0
BRDA:60,15,1,0
BRDA:73,16,0,0
BRDA:73,16,1,0
BRDA:73,17,0,0
BRDA:73,17,1,0
BRDA:74,18,0,0
BRDA:74,18,1,0
BRDA:76,19,0,0
BRDA:76,19,1,0
BRDA:81,20,0,0
BRDA:81,20,1,0
BRDA:81,21,0,0
BRDA:81,21,1,0
BRDA:88,22,0,0
BRDA:88,22,1,0
BRDA:91,23,0,0
BRDA:91,23,1,0
BRDA:100,24,0,0
BRDA:100,24,1,0
BRDA:100,25,0,0
BRDA:100,25,1,0
BRDA:100,25,2,0
BRDA:105,26,0,0
BRDA:105,26,1,0
BRDA:110,27,0,0
BRDA:110,27,1,0
BRDA:110,28,0,0
BRDA:110,28,1,0
BRDA:113,29,0,0
BRDA:113,29,1,0
BRDA:116,30,0,0
BRDA:116,30,1,0
BRDA:123,31,0,0
BRDA:123,31,1,0
BRDA:123,32,0,0
BRDA:123,32,1,0
BRDA:123,32,2,0
BRDA:127,33,0,0
BRDA:127,33,1,0
BRDA:131,34,0,0
BRDA:131,34,1,0
BRDA:131,35,0,0
BRDA:131,35,1,0
BRDA:146,36,0,0
BRDA:146,36,1,0
BRDA:146,37,0,0
BRDA:146,37,1,0
BRDA:146,37,2,0
BRDA:150,38,0,0
BRDA:150,38,1,0
BRDA:160,39,0,0
BRDA:160,39,1,0
BRDA:160,40,0,0
BRDA:160,40,1,0
BRDA:167,41,0,0
BRDA:167,41,1,0
BRDA:170,42,0,0
BRDA:170,42,1,0
BRDA:179,43,0,0
BRDA:179,43,1,0
BRDA:179,44,0,0
BRDA:179,44,1,0
BRDA:179,44,2,0
BRDA:184,45,0,0
BRDA:184,45,1,0
BRDA:189,46,0,0
BRDA:189,46,1,0
BRDA:189,47,0,0
BRDA:189,47,1,0
BRDA:199,48,0,0
BRDA:199,48,1,0
BRDA:202,49,0,0
BRDA:202,49,1,0
BRDA:208,50,0,0
BRDA:208,50,1,0
BRDA:208,51,0,0
BRDA:208,51,1,0
BRDA:208,51,2,0
BRDA:213,52,0,0
BRDA:213,52,1,0
BRDA:217,53,0,0
BRDA:217,53,1,0
BRDA:217,54,0,0
BRDA:217,54,1,0
BRDA:234,55,0,0
BRDA:234,55,1,0
BRDA:234,56,0,0
BRDA:234,56,1,0
BRDA:237,57,0,0
BRDA:237,57,1,0
BRDA:241,58,0,0
BRDA:241,58,1,0
BRDA:241,59,0,0
BRDA:241,59,1,0
BRDA:244,60,0,0
BRDA:244,60,1,0
BRDA:248,61,0,0
BRDA:248,61,1,0
BRDA:248,62,0,0
BRDA:248,62,1,0
BRDA:251,63,0,0
BRDA:251,63,1,0
BRDA:255,64,0,0
BRDA:255,64,1,0
BRDA:255,65,0,0
BRDA:255,65,1,0
BRDA:258,66,0,0
BRDA:258,66,1,0
BRDA:262,67,0,0
BRDA:262,67,1,0
BRDA:262,68,0,0
BRDA:262,68,1,0
BRDA:262,68,2,0
BRDA:266,69,0,0
BRDA:266,69,1,0
BRDA:266,70,0,0
BRDA:266,70,1,0
BRDA:266,70,2,0
BRDA:270,71,0,0
BRDA:270,71,1,0
BRDA:270,72,0,0
BRDA:270,72,1,0
BRDA:270,72,2,0
BRDA:274,73,0,0
BRDA:274,73,1,0
BRDA:274,74,0,0
BRDA:274,74,1,0
BRDA:278,75,0,0
BRDA:278,75,1,0
BRDA:282,76,0,0
BRDA:282,76,1,0
BRDA:282,77,0,0
BRDA:282,77,1,0
BRDA:282,77,2,0
BRDA:286,78,0,0
BRDA:286,78,1,0
BRDA:286,79,0,0
BRDA:286,79,1,0
BRDA:288,80,0,0
BRDA:288,80,1,0
BRDA:288,81,0,0
BRDA:288,81,1,0
BRDA:288,81,2,0
BRDA:293,82,0,0
BRDA:293,82,1,0
BRDA:293,83,0,0
BRDA:293,83,1,0
BRDA:296,84,0,0
BRDA:296,84,1,0
BRDA:330,85,0,0
BRDA:330,85,1,0
BRDA:331,86,0,0
BRDA:331,86,1,0
BRDA:332,87,0,0
BRDA:332,87,1,0
BRDA:333,88,0,0
BRDA:333,88,1,0
BRDA:334,89,0,0
BRDA:334,89,1,0
BRDA:335,90,0,0
BRDA:335,90,1,0
BRDA:339,91,0,0
BRDA:339,91,1,0
BRDA:345,92,0,0
BRDA:345,92,1,0
BRDA:351,93,0,0
BRDA:351,93,1,0
BRDA:357,94,0,0
BRDA:357,94,1,0
BRDA:363,95,0,0
BRDA:363,95,1,0
BRDA:369,96,0,0
BRDA:369,96,1,0
BRDA:376,97,0,0
BRDA:376,97,1,0
BRDA:376,98,0,0
BRDA:376,98,1,0
BRDA:376,98,2,0
BRDA:383,99,0,0
BRDA:383,99,1,0
BRDA:384,100,0,0
BRDA:384,100,1,0
BRDA:388,101,0,0
BRDA:388,101,1,0
BRDA:394,102,0,0
BRDA:394,102,1,0
BRDA:394,103,0,0
BRDA:394,103,1,0
BRDA:401,104,0,0
BRDA:401,104,1,0
BRDA:403,105,0,0
BRDA:403,105,1,0
BRDA:404,106,0,0
BRDA:404,106,1,0
BRDA:405,107,0,0
BRDA:405,107,1,0
BRDA:406,108,0,0
BRDA:406,108,1,0
BRDA:407,109,0,0
BRDA:407,109,1,0
BRDA:408,110,0,0
BRDA:408,110,1,0
BRDA:409,111,0,0
BRDA:409,111,1,0
BRDA:410,112,0,0
BRDA:410,112,1,0
BRDA:411,113,0,0
BRDA:411,113,1,0
BRDA:413,114,0,0
BRDA:413,114,1,0
BRDA:417,115,0,0
BRDA:417,115,1,0
BRDA:429,116,0,0
BRDA:429,116,1,0
BRDA:440,117,0,0
BRDA:440,117,1,0
BRDA:441,118,0,0
BRDA:441,118,1,0
BRDA:442,119,0,0
BRDA:442,119,1,0
BRDA:443,120,0,0
BRDA:443,120,1,0
BRDA:443,120,2,0
BRDA:443,120,3,0
BRDA:443,120,4,0
BRDA:469,121,0,0
BRDA:469,121,1,0
BRDA:474,122,0,0
BRDA:474,122,1,0
BRDA:475,123,0,0
BRDA:475,123,1,0
BRDA:487,124,0,0
BRDA:487,124,1,0
BRDA:495,125,0,0
BRDA:495,125,1,0
BRDA:504,126,0,0
BRDA:504,126,1,0
BRDA:521,127,0,0
BRDA:521,127,1,0
BRDA:534,128,0,0
BRDA:534,128,1,0
BRDA:534,129,0,0
BRDA:534,129,1,0
BRDA:543,130,0,0
BRDA:543,130,1,0
BRDA:552,131,0,0
BRDA:552,131,1,0
BRDA:562,132,0,0
BRDA:562,132,1,0
BRDA:563,133,0,0
BRDA:563,133,1,0
BRDA:564,134,0,0
BRDA:564,134,1,0
BRDA:565,135,0,0
BRDA:565,135,1,0
BRDA:566,136,0,0
BRDA:566,136,1,0
BRDA:567,137,0,0
BRDA:567,137,1,0
BRDA:568,138,0,0
BRDA:568,138,1,0
BRDA:569,139,0,0
BRDA:569,139,1,0
BRDA:570,140,0,0
BRDA:570,140,1,0
BRDA:571,141,0,0
BRDA:571,141,1,0
BRDA:572,142,0,0
BRDA:572,142,1,0
BRDA:573,143,0,0
BRDA:573,143,1,0
BRDA:574,144,0,0
BRDA:574,144,1,0
BRDA:579,145,0,0
BRDA:579,145,1,0
BRDA:592,146,0,0
BRDA:592,146,1,0
BRDA:613,147,0,0
BRDA:613,147,1,0
BRDA:620,148,0,0
BRDA:620,148,1,0
BRDA:625,149,0,0
BRDA:625,149,1,0
BRDA:626,150,0,0
BRDA:626,150,1,0
BRDA:633,151,0,0
BRDA:633,151,1,0
BRDA:640,152,0,0
BRDA:640,152,1,0
BRDA:641,153,0,0
BRDA:641,153,1,0
BRDA:642,154,0,0
BRDA:642,154,1,0
BRDA:643,155,0,0
BRDA:643,155,1,0
BRDA:644,156,0,0
BRDA:644,156,1,0
BRDA:645,157,0,0
BRDA:645,157,1,0
BRDA:646,158,0,0
BRDA:646,158,1,0
BRDA:647,159,0,0
BRDA:647,159,1,0
BRDA:648,160,0,0
BRDA:648,160,1,0
BRDA:649,161,0,0
BRDA:649,161,1,0
BRDA:650,162,0,0
BRDA:650,162,1,0
BRDA:651,163,0,0
BRDA:651,163,1,0
BRDA:652,164,0,0
BRDA:652,164,1,0
BRDA:653,165,0,0
BRDA:653,165,1,0
BRDA:654,166,0,0
BRDA:654,166,1,0
BRDA:669,167,0,0
BRDA:669,167,1,0
BRDA:670,168,0,0
BRDA:670,168,1,0
BRDA:674,169,0,0
BRDA:674,169,1,0
BRDA:679,170,0,0
BRDA:679,170,1,0
BRDA:679,171,0,0
BRDA:679,171,1,0
BRDA:689,172,0,0
BRDA:689,172,1,0
BRDA:689,173,0,0
BRDA:689,173,1,0
BRDA:689,173,2,0
BRDA:691,174,0,0
BRDA:691,174,1,0
BRDA:701,175,0,0
BRDA:701,175,1,0
BRDA:701,176,0,0
BRDA:701,176,1,0
BRDA:710,177,0,0
BRDA:710,177,1,0
BRDA:718,178,0,0
BRDA:718,178,1,0
BRDA:726,179,0,0
BRDA:726,179,1,0
BRDA:728,180,0,0
BRDA:728,180,1,0
BRDA:736,181,0,0
BRDA:736,181,1,0
BRDA:746,182,0,0
BRDA:746,182,1,0
BRDA:747,183,0,0
BRDA:747,183,1,0
BRDA:748,184,0,0
BRDA:748,184,1,0
BRDA:749,185,0,0
BRDA:749,185,1,0
BRDA:750,186,0,0
BRDA:750,186,1,0
BRDA:751,187,0,0
BRDA:751,187,1,0
BRDA:752,188,0,0
BRDA:752,188,1,0
BRDA:753,189,0,0
BRDA:753,189,1,0
BRDA:754,190,0,0
BRDA:754,190,1,0
BRDA:755,191,0,0
BRDA:755,191,1,0
BRDA:756,192,0,0
BRDA:756,192,1,0
BRDA:757,193,0,0
BRDA:757,193,1,0
BRDA:758,194,0,0
BRDA:758,194,1,0
BRDA:759,195,0,0
BRDA:759,195,1,0
BRDA:760,196,0,0
BRDA:760,196,1,0
BRDA:782,197,0,0
BRDA:782,197,1,0
BRDA:782,198,0,0
BRDA:782,198,1,0
BRDA:791,199,0,0
BRDA:791,199,1,0
BRDA:799,200,0,0
BRDA:799,200,1,0
BRDA:807,201,0,0
BRDA:807,201,1,0
BRDA:809,202,0,0
BRDA:809,202,1,0
BRDA:817,203,0,0
BRDA:817,203,1,0
BRDA:827,204,0,0
BRDA:827,204,1,0
BRDA:828,205,0,0
BRDA:828,205,1,0
BRDA:829,206,0,0
BRDA:829,206,1,0
BRDA:830,207,0,0
BRDA:830,207,1,0
BRDA:831,208,0,0
BRDA:831,208,1,0
BRDA:832,209,0,0
BRDA:832,209,1,0
BRDA:833,210,0,0
BRDA:833,210,1,0
BRDA:834,211,0,0
BRDA:834,211,1,0
BRDA:835,212,0,0
BRDA:835,212,1,0
BRDA:836,213,0,0
BRDA:836,213,1,0
BRDA:837,214,0,0
BRDA:837,214,1,0
BRDA:838,215,0,0
BRDA:838,215,1,0
BRDA:839,216,0,0
BRDA:839,216,1,0
BRDA:840,217,0,0
BRDA:840,217,1,0
BRDA:841,218,0,0
BRDA:841,218,1,0
BRDA:858,219,0,0
BRDA:858,219,1,0
BRDA:859,220,0,0
BRDA:859,220,1,0
BRDA:861,221,0,0
BRDA:861,221,1,0
BRDA:866,222,0,0
BRDA:866,222,1,0
BRDA:866,223,0,0
BRDA:866,223,1,0
BRDA:881,224,0,0
BRDA:881,224,1,0
BRDA:881,225,0,0
BRDA:881,225,1,0
BRDA:902,226,0,0
BRDA:902,226,1,0
BRDA:902,226,2,0
BRDA:914,227,0,0
BRDA:914,227,1,0
BRDA:934,228,0,0
BRDA:934,228,1,0
BRDA:953,229,0,0
BRDA:953,229,1,0
BRDA:955,230,0,0
BRDA:955,230,1,0
BRF:481
BRH:0
end_of_record
TN:
SF:controllers\consultations.controller.js
FN:14,getPatientConsultations
FN:34,getConfirmedPatientConsultations
FN:56,getNotConfirmedPatientConsultations
FN:78,getDoctorConsultations
FN:98,getUpcomingDoctorConsultations
FN:121,getPastDoctorConsultations
FN:141,getPatientPrescriptions
FN:153,(anonymous_7)
FN:169,bookConsultation
FN:203,updateConsultationStatus
FN:224,cancelConsultation
FN:240,completeConsultation
FN:257,addPrescription
FN:278,deleteConsultation
FNF:14
FNH:0
FNDA:0,getPatientConsultations
FNDA:0,getConfirmedPatientConsultations
FNDA:0,getNotConfirmedPatientConsultations
FNDA:0,getDoctorConsultations
FNDA:0,getUpcomingDoctorConsultations
FNDA:0,getPastDoctorConsultations
FNDA:0,getPatientPrescriptions
FNDA:0,(anonymous_7)
FNDA:0,bookConsultation
FNDA:0,updateConsultationStatus
FNDA:0,cancelConsultation
FNDA:0,completeConsultation
FNDA:0,addPrescription
FNDA:0,deleteConsultation
DA:15,0
DA:16,0
DA:18,0
DA:19,0
DA:22,0
DA:23,0
DA:25,0
DA:26,0
DA:35,0
DA:36,0
DA:37,0
DA:39,0
DA:40,0
DA:43,0
DA:44,0
DA:45,0
DA:47,0
DA:48,0
DA:57,0
DA:58,0
DA:59,0
DA:61,0
DA:62,0
DA:65,0
DA:66,0
DA:67,0
DA:69,0
DA:70,0
DA:79,0
DA:80,0
DA:82,0
DA:83,0
DA:86,0
DA:87,0
DA:89,0
DA:90,0
DA:99,0
DA:100,0
DA:101,0
DA:103,0
DA:104,0
DA:107,0
DA:108,0
DA:109,0
DA:110,0
DA:112,0
DA:113,0
DA:122,0
DA:123,0
DA:125,0
DA:126,0
DA:129,0
DA:130,0
DA:132,0
DA:133,0
DA:142,0
DA:143,0
DA:144,0
DA:146,0
DA:147,0
DA:150,0
DA:151,0
DA:152,0
DA:153,0
DA:154,0
DA:157,0
DA:159,0
DA:160,0
DA:170,0
DA:171,0
DA:172,0
DA:174,0
DA:176,0
DA:177,0
DA:178,0
DA:179,0
DA:180,0
DA:182,0
DA:190,0
DA:191,0
DA:193,0
DA:194,0
DA:204,0
DA:205,0
DA:206,0
DA:208,0
DA:209,0
DA:212,0
DA:213,0
DA:215,0
DA:216,0
DA:225,0
DA:226,0
DA:228,0
DA:229,0
DA:231,0
DA:232,0
DA:241,0
DA:242,0
DA:244,0
DA:245,0
DA:247,0
DA:248,0
DA:258,0
DA:259,0
DA:260,0
DA:262,0
DA:263,0
DA:266,0
DA:267,0
DA:269,0
DA:270,0
DA:279,0
DA:280,0
DA:282,0
DA:283,0
DA:285,0
DA:286,0
LF:118
LH:0
BRDA:18,0,0,0
BRDA:18,0,1,0
BRDA:39,1,0,0
BRDA:39,1,1,0
BRDA:44,2,0,0
BRDA:44,2,1,0
BRDA:61,3,0,0
BRDA:61,3,1,0
BRDA:66,4,0,0
BRDA:66,4,1,0
BRDA:82,5,0,0
BRDA:82,5,1,0
BRDA:103,6,0,0
BRDA:103,6,1,0
BRDA:108,7,0,0
BRDA:108,7,1,0
BRDA:125,8,0,0
BRDA:125,8,1,0
BRDA:146,9,0,0
BRDA:146,9,1,0
BRDA:151,10,0,0
BRDA:151,10,1,0
BRDA:152,11,0,0
BRDA:152,11,1,0
BRDA:152,12,0,0
BRDA:152,12,1,0
BRDA:208,13,0,0
BRDA:208,13,1,0
BRDA:262,14,0,0
BRDA:262,14,1,0
BRF:30
BRH:0
end_of_record
TN:
SF:controllers\doctor_availability.controller.js
FN:13,getDoctorAvailability
FN:33,getDoctorAvailabilityByDateRange
FN:59,getFreeSlots
FN:81,createAvailabilitySlot
FN:103,bulkCreateSlots
FN:124,updateAvailabilityStatus
FN:145,deleteAvailabilitySlot
FNF:7
FNH:0
FNDA:0,getDoctorAvailability
FNDA:0,getDoctorAvailabilityByDateRange
FNDA:0,getFreeSlots
FNDA:0,createAvailabilitySlot
FNDA:0,bulkCreateSlots
FNDA:0,updateAvailabilityStatus
FNDA:0,deleteAvailabilitySlot
DA:14,0
DA:15,0
DA:17,0
DA:18,0
DA:21,0
DA:22,0
DA:24,0
DA:25,0
DA:34,0
DA:35,0
DA:36,0
DA:38,0
DA:39,0
DA:42,0
DA:48,0
DA:50,0
DA:51,0
DA:60,0
DA:61,0
DA:62,0
DA:64,0
DA:65,0
DA:68,0
DA:69,0
DA:71,0
DA:72,0
DA:82,0
DA:83,0
DA:85,0
DA:91,0
DA:93,0
DA:94,0
DA:104,0
DA:105,0
DA:107,0
DA:108,0
DA:111,0
DA:112,0
DA:114,0
DA:115,0
DA:125,0
DA:126,0
DA:127,0
DA:129,0
DA:130,0
DA:133,0
DA:134,0
DA:136,0
DA:137,0
DA:146,0
DA:147,0
DA:149,0
DA:150,0
DA:152,0
DA:153,0
LF:55
LH:0
BRDA:17,0,0,0
BRDA:17,0,1,0
BRDA:38,1,0,0
BRDA:38,1,1,0
BRDA:38,2,0,0
BRDA:38,2,1,0
BRDA:38,2,2,0
BRDA:64,3,0,0
BRDA:64,3,1,0
BRDA:64,4,0,0
BRDA:64,4,1,0
BRDA:107,5,0,0
BRDA:107,5,1,0
BRDA:107,6,0,0
BRDA:107,6,1,0
BRDA:129,7,0,0
BRDA:129,7,1,0
BRF:17
BRH:0
end_of_record
TN:
SF:controllers\doctors.controller.js
FN:3,getMe
FN:42,getSpecialities
FN:62,(anonymous_2)
FN:70,(anonymous_3)
FN:71,(anonymous_4)
FN:93,(anonymous_5)
FN:94,(anonymous_6)
FN:100,(anonymous_7)
FN:109,getDoctorsBySpeciality
FN:148,(anonymous_9)
FN:161,(anonymous_10)
FN:162,(anonymous_11)
FN:181,getDoctorProfileById
FNF:13
FNH:0
FNDA:0,getMe
FNDA:0,getSpecialities
FNDA:0,(anonymous_2)
FNDA:0,(anonymous_3)
FNDA:0,(anonymous_4)
FNDA:0,(anonymous_5)
FNDA:0,(anonymous_6)
FNDA:0,(anonymous_7)
FNDA:0,getDoctorsBySpeciality
FNDA:0,(anonymous_9)
FNDA:0,(anonymous_10)
FNDA:0,(anonymous_11)
FNDA:0,getDoctorProfileById
DA:4,0
DA:10,0
DA:11,0
DA:14,0
DA:20,0
DA:43,0
DA:44,0
DA:45,0
DA:48,0
DA:52,0
DA:53,0
DA:56,0
DA:57,0
DA:61,0
DA:62,0
DA:63,0
DA:64,0
DA:69,0
DA:70,0
DA:71,0
DA:74,0
DA:75,0
DA:78,0
DA:79,0
DA:83,0
DA:88,0
DA:89,0
DA:93,0
DA:94,0
DA:95,0
DA:100,0
DA:102,0
DA:104,0
DA:110,0
DA:111,0
DA:112,0
DA:116,0
DA:117,0
DA:118,0
DA:121,0
DA:123,0
DA:129,0
DA:130,0
DA:134,0
DA:139,0
DA:140,0
DA:143,0
DA:144,0
DA:148,0
DA:151,0
DA:156,0
DA:157,0
DA:161,0
DA:162,0
DA:163,0
DA:174,0
DA:176,0
DA:182,0
DA:183,0
DA:184,0
DA:185,0
DA:188,0
DA:190,0
DA:196,0
DA:197,0
DA:200,0
DA:201,0
DA:205,0
DA:211,0
DA:212,0
DA:215,0
DA:216,0
DA:219,0
DA:238,0
LF:74
LH:0
BRDA:10,0,0,0
BRDA:10,0,1,0
BRDA:22,1,0,0
BRDA:22,1,1,0
BRDA:23,2,0,0
BRDA:23,2,1,0
BRDA:24,3,0,0
BRDA:24,3,1,0
BRDA:25,4,0,0
BRDA:25,4,1,0
BRDA:26,5,0,0
BRDA:26,5,1,0
BRDA:27,6,0,0
BRDA:27,6,1,0
BRDA:28,7,0,0
BRDA:28,7,1,0
BRDA:29,8,0,0
BRDA:29,8,1,0
BRDA:30,9,0,0
BRDA:30,9,1,0
BRDA:31,10,0,0
BRDA:31,10,1,0
BRDA:32,11,0,0
BRDA:32,11,1,0
BRDA:33,12,0,0
BRDA:33,12,1,0
BRDA:34,13,0,0
BRDA:34,13,1,0
BRDA:35,14,0,0
BRDA:35,14,1,0
BRDA:36,15,0,0
BRDA:36,15,1,0
BRDA:45,16,0,0
BRDA:45,16,1,0
BRDA:52,17,0,0
BRDA:52,17,1,0
BRDA:56,18,0,0
BRDA:56,18,1,0
BRDA:56,19,0,0
BRDA:56,19,1,0
BRDA:63,20,0,0
BRDA:63,20,1,0
BRDA:64,21,0,0
BRDA:64,21,1,0
BRDA:74,22,0,0
BRDA:74,22,1,0
BRDA:78,23,0,0
BRDA:78,23,1,0
BRDA:88,24,0,0
BRDA:88,24,1,0
BRDA:97,25,0,0
BRDA:97,25,1,0
BRDA:111,26,0,0
BRDA:111,26,1,0
BRDA:117,27,0,0
BRDA:117,27,1,0
BRDA:129,28,0,0
BRDA:129,28,1,0
BRDA:139,29,0,0
BRDA:139,29,1,0
BRDA:143,30,0,0
BRDA:143,30,1,0
BRDA:143,31,0,0
BRDA:143,31,1,0
BRDA:156,32,0,0
BRDA:156,32,1,0
BRDA:165,33,0,0
BRDA:165,33,1,0
BRDA:166,34,0,0
BRDA:166,34,1,0
BRDA:167,35,0,0
BRDA:167,35,1,0
BRDA:168,36,0,0
BRDA:168,36,1,0
BRDA:169,37,0,0
BRDA:169,37,1,0
BRDA:170,38,0,0
BRDA:170,38,1,0
BRDA:184,39,0,0
BRDA:184,39,1,0
BRDA:196,40,0,0
BRDA:196,40,1,0
BRDA:200,41,0,0
BRDA:200,41,1,0
BRDA:211,42,0,0
BRDA:211,42,1,0
BRDA:215,43,0,0
BRDA:215,43,1,0
BRDA:221,44,0,0
BRDA:221,44,1,0
BRDA:222,45,0,0
BRDA:222,45,1,0
BRDA:223,46,0,0
BRDA:223,46,1,0
BRDA:224,47,0,0
BRDA:224,47,1,0
BRDA:225,48,0,0
BRDA:225,48,1,0
BRDA:226,49,0,0
BRDA:226,49,1,0
BRDA:227,50,0,0
BRDA:227,50,1,0
BRDA:228,51,0,0
BRDA:228,51,1,0
BRDA:229,52,0,0
BRDA:229,52,1,0
BRDA:230,53,0,0
BRDA:230,53,1,0
BRDA:231,54,0,0
BRDA:231,54,1,0
BRDA:232,55,0,0
BRDA:232,55,1,0
BRDA:233,56,0,0
BRDA:233,56,1,0
BRDA:234,57,0,0
BRDA:234,57,1,0
BRDA:235,58,0,0
BRDA:235,58,1,0
BRF:118
BRH:0
end_of_record
TN:
SF:controllers\patients.controller.js
FN:3,getMe
FNF:1
FNH:0
FNDA:0,getMe
DA:4,0
DA:10,0
DA:11,0
DA:14,0
DA:20,0
LF:5
LH:0
BRDA:10,0,0,0
BRDA:10,0,1,0
BRDA:22,1,0,0
BRDA:22,1,1,0
BRF:4
BRH:0
end_of_record
TN:
SF:controllers\users.controller.js
FN:3,updateMe
FN:21,emailExists
FNF:2
FNH:0
FNDA:0,updateMe
FNDA:0,emailExists
DA:4,0
DA:6,0
DA:18,0
DA:22,0
DA:24,0
DA:30,0
LF:6
LH:0
BRF:0
BRH:0
end_of_record
TN:
SF:jobs\autoCompleteConsultations.js
FN:10,autoCompleteConsultations
FN:39,(anonymous_1)
FNF:2
FNH:0
FNDA:0,autoCompleteConsultations
FNDA:0,(anonymous_1)
DA:11,0
DA:12,0
DA:14,0
DA:16,0
DA:17,0
DA:20,0
DA:26,0
DA:27,0
DA:28,0
DA:31,0
DA:32,0
DA:33,0
DA:36,0
DA:39,0
DA:40,0
DA:41,0
DA:42,0
DA:43,0
DA:46,0
DA:49,0
DA:51,0
DA:52,0
DA:56,0
DA:57,0
DA:58,0
DA:61,0
DA:64,0
DA:65,0
DA:67,0
DA:68,0
DA:69,0
DA:76,0
DA:77,0
DA:78,0
DA:80,0
DA:81,0
DA:84,0
DA:85,0
DA:89,0
DA:90,0
DA:92,0
DA:95,0
DA:96,0
LF:43
LH:0
BRDA:26,0,0,0
BRDA:26,0,1,0
BRDA:31,1,0,0
BRDA:31,1,1,0
BRDA:31,2,0,0
BRDA:31,2,1,0
BRDA:56,3,0,0
BRDA:56,3,1,0
BRDA:76,4,0,0
BRDA:76,4,1,0
BRF:10
BRH:0
end_of_record
TN:
SF:jobs\scheduler.js
FN:11,(anonymous_0)
FN:18,(anonymous_1)
FN:22,(anonymous_2)
FN:36,(anonymous_3)
FN:42,(anonymous_4)
FN:50,(anonymous_5)
FN:52,(anonymous_6)
FN:61,(anonymous_7)
FN:62,(anonymous_8)
FNF:9
FNH:0
FNDA:0,(anonymous_0)
FNDA:0,(anonymous_1)
FNDA:0,(anonymous_2)
FNDA:0,(anonymous_3)
FNDA:0,(anonymous_4)
FNDA:0,(anonymous_5)
FNDA:0,(anonymous_6)
FNDA:0,(anonymous_7)
FNDA:0,(anonymous_8)
DA:12,0
DA:19,0
DA:22,0
DA:23,0
DA:29,0
DA:35,0
DA:36,0
DA:37,0
DA:41,0
DA:42,0
DA:43,0
DA:51,0
DA:52,0
DA:53,0
DA:54,0
DA:62,0
DA:71,0
LF:17
LH:0
BRDA:65,0,0,0
BRDA:65,0,1,0
BRF:2
BRH:0
end_of_record
TN:
SF:middlewares\auth.middleware.js
FN:3,authMiddleware
FNF:1
FNH:1
FNDA:14,authMiddleware
DA:4,14
DA:6,14
DA:7,3
DA:10,11
DA:12,11
DA:13,6
DA:16,5
DA:17,5
LF:8
LH:8
BRDA:6,0,0,3
BRDA:6,0,1,11
BRDA:12,1,0,6
BRDA:12,1,1,5
BRDA:12,2,0,11
BRDA:12,2,1,6
BRF:6
BRH:6
end_of_record
TN:
SF:services\auth.service.js
FNF:0
FNH:0
LF:0
LH:0
BRF:0
BRH:0
end_of_record
TN:
SF:services\consultations.service.js
FN:16,(anonymous_0)
FN:48,(anonymous_1)
FN:81,(anonymous_2)
FN:114,(anonymous_3)
FN:143,(anonymous_4)
FN:177,(anonymous_5)
FN:204,(anonymous_6)
FN:219,(anonymous_7)
FN:255,(anonymous_8)
FN:297,(anonymous_9)
FN:301,(anonymous_10)
FN:390,(anonymous_11)
FN:448,(anonymous_12)
FN:469,(anonymous_13)
FN:479,(anonymous_14)
FN:515,(anonymous_15)
FNF:16
FNH:0
FNDA:0,(anonymous_0)
FNDA:0,(anonymous_1)
FNDA:0,(anonymous_2)
FNDA:0,(anonymous_3)
FNDA:0,(anonymous_4)
FNDA:0,(anonymous_5)
FNDA:0,(anonymous_6)
FNDA:0,(anonymous_7)
FNDA:0,(anonymous_8)
FNDA:0,(anonymous_9)
FNDA:0,(anonymous_10)
FNDA:0,(anonymous_11)
FNDA:0,(anonymous_12)
FNDA:0,(anonymous_13)
FNDA:0,(anonymous_14)
FNDA:0,(anonymous_15)
DA:17,0
DA:39,0
DA:40,0
DA:49,0
DA:72,0
DA:73,0
DA:82,0
DA:105,0
DA:106,0
DA:115,0
DA:134,0
DA:135,0
DA:144,0
DA:146,0
DA:167,0
DA:168,0
DA:178,0
DA:179,0
DA:181,0
DA:201,0
DA:204,0
DA:205,0
DA:206,0
DA:207,0
DA:208,0
DA:211,0
DA:220,0
DA:241,0
DA:242,0
DA:256,0
DA:257,0
DA:260,0
DA:261,0
DA:265,0
DA:266,0
DA:268,0
DA:269,0
DA:272,0
DA:274,0
DA:280,0
DA:281,0
DA:282,0
DA:285,0
DA:288,0
DA:289,0
DA:294,0
DA:297,0
DA:298,0
DA:301,0
DA:302,0
DA:303,0
DA:304,0
DA:305,0
DA:309,0
DA:313,0
DA:314,0
DA:315,0
DA:318,0
DA:319,0
DA:320,0
DA:323,0
DA:325,0
DA:334,0
DA:335,0
DA:336,0
DA:339,0
DA:341,0
DA:354,0
DA:355,0
DA:356,0
DA:359,0
DA:360,0
DA:363,0
DA:368,0
DA:369,0
DA:371,0
DA:376,0
DA:379,0
DA:380,0
DA:381,0
DA:391,0
DA:392,0
DA:393,0
DA:396,0
DA:402,0
DA:403,0
DA:407,0
DA:408,0
DA:410,0
DA:416,0
DA:421,0
DA:422,0
DA:427,0
DA:431,0
DA:438,0
DA:439,0
DA:449,0
DA:450,0
DA:453,0
DA:460,0
DA:461,0
DA:470,0
DA:471,0
DA:480,0
DA:486,0
DA:487,0
DA:490,0
DA:491,0
DA:495,0
DA:496,0
DA:502,0
DA:507,0
DA:516,0
DA:517,0
LF:114
LH:0
BRDA:39,0,0,0
BRDA:39,0,1,0
BRDA:40,1,0,0
BRDA:40,1,1,0
BRDA:72,2,0,0
BRDA:72,2,1,0
BRDA:73,3,0,0
BRDA:73,3,1,0
BRDA:105,4,0,0
BRDA:105,4,1,0
BRDA:106,5,0,0
BRDA:106,5,1,0
BRDA:134,6,0,0
BRDA:134,6,1,0
BRDA:135,7,0,0
BRDA:135,7,1,0
BRDA:167,8,0,0
BRDA:167,8,1,0
BRDA:168,9,0,0
BRDA:168,9,1,0
BRDA:201,10,0,0
BRDA:201,10,1,0
BRDA:204,11,0,0
BRDA:204,11,1,0
BRDA:241,12,0,0
BRDA:241,12,1,0
BRDA:242,13,0,0
BRDA:242,13,1,0
BRDA:260,14,0,0
BRDA:260,14,1,0
BRDA:260,15,0,0
BRDA:260,15,1,0
BRDA:260,15,2,0
BRDA:260,15,3,0
BRDA:260,15,4,0
BRDA:268,16,0,0
BRDA:268,16,1,0
BRDA:280,17,0,0
BRDA:280,17,1,0
BRDA:280,18,0,0
BRDA:280,18,1,0
BRDA:297,19,0,0
BRDA:297,19,1,0
BRDA:301,20,0,0
BRDA:301,20,1,0
BRDA:302,21,0,0
BRDA:302,21,1,0
BRDA:313,22,0,0
BRDA:313,22,1,0
BRDA:318,23,0,0
BRDA:318,23,1,0
BRDA:334,24,0,0
BRDA:334,24,1,0
BRDA:354,25,0,0
BRDA:354,25,1,0
BRDA:368,26,0,0
BRDA:368,26,1,0
BRDA:392,27,0,0
BRDA:392,27,1,0
BRDA:402,28,0,0
BRDA:402,28,1,0
BRDA:402,29,0,0
BRDA:402,29,1,0
BRDA:407,30,0,0
BRDA:407,30,1,0
BRDA:407,31,0,0
BRDA:407,31,1,0
BRDA:408,32,0,0
BRDA:408,32,1,0
BRDA:427,33,0,0
BRDA:427,33,1,0
BRDA:427,34,0,0
BRDA:427,34,1,0
BRDA:438,35,0,0
BRDA:438,35,1,0
BRDA:449,36,0,0
BRDA:449,36,1,0
BRDA:460,37,0,0
BRDA:460,37,1,0
BRDA:486,38,0,0
BRDA:486,38,1,0
BRDA:490,39,0,0
BRDA:490,39,1,0
BRDA:495,40,0,0
BRDA:495,40,1,0
BRDA:507,41,0,0
BRDA:507,41,1,0
BRF:87
BRH:0
end_of_record
TN:
SF:services\doctor_availability.service.js
FN:14,(anonymous_0)
FN:34,(anonymous_1)
FN:56,(anonymous_2)
FN:108,(anonymous_3)
FN:129,(anonymous_4)
FN:155,(anonymous_5)
FN:174,(anonymous_6)
FN:179,(anonymous_7)
FNF:8
FNH:0
FNDA:0,(anonymous_0)
FNDA:0,(anonymous_1)
FNDA:0,(anonymous_2)
FNDA:0,(anonymous_3)
FNDA:0,(anonymous_4)
FNDA:0,(anonymous_5)
FNDA:0,(anonymous_6)
FNDA:0,(anonymous_7)
DA:15,0
DA:23,0
DA:24,0
DA:35,0
DA:45,0
DA:46,0
DA:58,0
DA:59,0
DA:63,0
DA:69,0
DA:70,0
DA:74,0
DA:82,0
DA:83,0
DA:87,0
DA:98,0
DA:99,0
DA:109,0
DA:110,0
DA:113,0
DA:120,0
DA:121,0
DA:131,0
DA:137,0
DA:138,0
DA:141,0
DA:146,0
DA:156,0
DA:164,0
DA:165,0
DA:175,0
DA:176,0
DA:179,0
DA:186,0
DA:191,0
DA:192,0
LF:36
LH:0
BRDA:23,0,0,0
BRDA:23,0,1,0
BRDA:24,1,0,0
BRDA:24,1,1,0
BRDA:45,2,0,0
BRDA:45,2,1,0
BRDA:46,3,0,0
BRDA:46,3,1,0
BRDA:58,4,0,0
BRDA:58,4,1,0
BRDA:58,5,0,0
BRDA:58,5,1,0
BRDA:58,5,2,0
BRDA:69,6,0,0
BRDA:69,6,1,0
BRDA:69,7,0,0
BRDA:69,7,1,0
BRDA:82,8,0,0
BRDA:82,8,1,0
BRDA:98,9,0,0
BRDA:98,9,1,0
BRDA:109,10,0,0
BRDA:109,10,1,0
BRDA:120,11,0,0
BRDA:120,11,1,0
BRDA:137,12,0,0
BRDA:137,12,1,0
BRDA:146,13,0,0
BRDA:146,13,1,0
BRDA:164,14,0,0
BRDA:164,14,1,0
BRDA:165,15,0,0
BRDA:165,15,1,0
BRDA:175,16,0,0
BRDA:175,16,1,0
BRDA:175,17,0,0
BRDA:175,17,1,0
BRDA:191,18,0,0
BRDA:191,18,1,0
BRDA:192,19,0,0
BRDA:192,19,1,0
BRF:41
BRH:0
end_of_record
TN:
SF:utils\logger.js
FN:9,(anonymous_0)
FN:15,(anonymous_1)
FN:20,(anonymous_2)
FN:26,(anonymous_3)
FNF:4
FNH:0
FNDA:0,(anonymous_0)
FNDA:0,(anonymous_1)
FNDA:0,(anonymous_2)
FNDA:0,(anonymous_3)
DA:6,0
DA:8,0
DA:10,0
DA:11,0
DA:17,0
DA:21,0
DA:22,0
DA:27,0
DA:28,0
LF:9
LH:0
BRDA:10,0,0,0
BRDA:10,0,1,0
BRDA:21,1,0,0
BRDA:21,1,1,0
BRDA:27,2,0,0
BRDA:27,2,1,0
BRF:6
BRH:0
end_of_record
TN:
SF:utils\response.js
FN:4,(anonymous_0)
FN:15,(anonymous_1)
FNF:2
FNH:2
FNDA:18,(anonymous_0)
FNDA:17,(anonymous_1)
DA:4,1
DA:5,18
DA:15,1
DA:16,17
DA:17,17
LF:5
LH:5
BRDA:4,0,0,7
BRDA:8,1,0,18
BRDA:8,1,1,8
BRDA:15,2,0,13
BRDA:20,3,0,17
BRDA:20,3,1,3
BRDA:20,3,2,1
BRF:7
BRH:7
end_of_record
